io/airlift/airbase/26/airbase-26.pom
org/sonatype/oss/oss-parent/9/oss-parent-9.pom
org/apache/maven/scm/maven-scm-provider-gitexe/1.8.1/maven-scm-provider-gitexe-1.8.1.pom
org/apache/maven/scm/maven-scm-providers-git/1.8.1/maven-scm-providers-git-1.8.1.pom
org/apache/maven/scm/maven-scm-providers/1.8.1/maven-scm-providers-1.8.1.pom
org/apache/maven/scm/maven-scm/1.8.1/maven-scm-1.8.1.pom
org/apache/maven/maven-parent/22/maven-parent-22.pom
org/apache/apache/11/apache-11.pom
regexp/regexp/1.3/regexp-1.3.pom
commons-io/commons-io/2.2/commons-io-2.2.pom
org/apache/commons/commons-parent/24/commons-parent-24.pom
org/apache/apache/9/apache-9.pom
commons-lang/commons-lang/2.6/commons-lang-2.6.pom
org/apache/commons/commons-parent/17/commons-parent-17.pom
org/apache/apache/7/apache-7.pom
org/apache/maven/scm/maven-scm-provider-git-commons/1.8.1/maven-scm-provider-git-commons-1.8.1.pom
org/apache/maven/scm/maven-scm-api/1.8.1/maven-scm-api-1.8.1.pom
org/codehaus/plexus/plexus-utils/3.0.7/plexus-utils-3.0.7.pom
org/codehaus/plexus/plexus/3.1/plexus-3.1.pom
org/sonatype/spice/spice-parent/17/spice-parent-17.pom
org/sonatype/forge/forge-parent/10/forge-parent-10.pom
org/apache/maven/scm/maven-scm-provider-gitexe/1.8.1/maven-scm-provider-gitexe-1.8.1.jar regexp/regexp/1.3/regexp-1.3.jar commons-io/commons-io/2.2/commons-io-2.2.jar commons-lang/commons-lang/2.6/commons-lang-2.6.jar org/apache/maven/scm/maven-scm-provider-git-commons/1.8.1/maven-scm-provider-git-commons-1.8.1.jar org/apache/maven/scm/maven-scm-api/1.8.1/maven-scm-api-1.8.1.jar org/codehaus/plexus/plexus-utils/3.0.7/plexus-utils-3.0.7.jar
org/apache/maven/scm/maven-scm-manager-plexus/1.8.1/maven-scm-manager-plexus-1.8.1.pom
org/apache/maven/scm/maven-scm-managers/1.8.1/maven-scm-managers-1.8.1.pom
org/codehaus/plexus/plexus-container-default/1.0-alpha-9/plexus-container-default-1.0-alpha-9.pom
org/codehaus/plexus/plexus-containers/1.0.3/plexus-containers-1.0.3.pom
org/codehaus/plexus/plexus/1.0.4/plexus-1.0.4.pom
junit/junit/4.8.2/junit-4.8.2.pom
classworlds/classworlds/1.1-alpha-2/classworlds-1.1-alpha-2.pom
org/apache/maven/scm/maven-scm-manager-plexus/1.8.1/maven-scm-manager-plexus-1.8.1.jar junit/junit/4.8.2/junit-4.8.2.jar
org/apache/maven/plugins/maven-enforcer-plugin/1.2/maven-enforcer-plugin-1.2.pom
org/apache/maven/enforcer/enforcer/1.2/enforcer-1.2.pom
org/apache/maven/plugins/maven-enforcer-plugin/1.2/maven-enforcer-plugin-1.2.jar
org/jacoco/jacoco-maven-plugin/0.6.2.201302030002/jacoco-maven-plugin-0.6.2.201302030002.pom
org/jacoco/org.jacoco.build/0.6.2.201302030002/org.jacoco.build-0.6.2.201302030002.pom
org/jacoco/jacoco-maven-plugin/0.6.2.201302030002/jacoco-maven-plugin-0.6.2.201302030002.jar
org/apache/maven/plugins/maven-clean-plugin/2.5/maven-clean-plugin-2.5.pom
org/apache/maven/plugins/maven-plugins/22/maven-plugins-22.pom
org/apache/maven/maven-parent/21/maven-parent-21.pom
org/apache/apache/10/apache-10.pom
org/apache/maven/plugins/maven-clean-plugin/2.5/maven-clean-plugin-2.5.jar
com/ning/maven/plugins/maven-dependency-versions-check-plugin/2.0.2/maven-dependency-versions-check-plugin-2.0.2.pom
org/sonatype/oss/oss-parent/7/oss-parent-7.pom
com/ning/maven/plugins/maven-dependency-versions-check-plugin/2.0.2/maven-dependency-versions-check-plugin-2.0.2.jar
com/mycila/license-maven-plugin/2.3/license-maven-plugin-2.3.pom
com/mycila/mycila-pom/2.1/mycila-pom-2.1.pom
com/mycila/license-maven-plugin/2.3/license-maven-plugin-2.3.jar
org/apache/maven/plugins/maven-dependency-plugin/2.8/maven-dependency-plugin-2.8.pom
org/apache/maven/plugins/maven-plugins/24/maven-plugins-24.pom
org/apache/maven/maven-parent/23/maven-parent-23.pom
org/apache/apache/13/apache-13.pom
org/apache/maven/plugins/maven-dependency-plugin/2.8/maven-dependency-plugin-2.8.jar
com/ning/maven/plugins/maven-duplicate-finder-plugin/1.0.6/maven-duplicate-finder-plugin-1.0.6.pom
com/ning/maven/plugins/maven-duplicate-finder-plugin/1.0.6/maven-duplicate-finder-plugin-1.0.6.jar
org/apache/maven/plugins/maven-jar-plugin/2.4/maven-jar-plugin-2.4.pom
org/apache/maven/plugins/maven-jar-plugin/2.4/maven-jar-plugin-2.4.jar
org/apache/maven/plugins/maven-source-plugin/2.2.1/maven-source-plugin-2.2.1.pom
org/apache/maven/plugins/maven-plugins/23/maven-plugins-23.pom
org/apache/maven/plugins/maven-source-plugin/2.2.1/maven-source-plugin-2.2.1.jar
org/apache/maven/maven-plugin-api/2.0.6/maven-plugin-api-2.0.6.pom
org/apache/maven/maven/2.0.6/maven-2.0.6.pom
org/apache/maven/maven-parent/5/maven-parent-5.pom
org/apache/apache/3/apache-3.pom
org/codehaus/plexus/plexus-utils/3.0/plexus-utils-3.0.pom
org/sonatype/spice/spice-parent/16/spice-parent-16.pom
org/sonatype/forge/forge-parent/5/forge-parent-5.pom
org/codehaus/plexus/plexus-utils/3.0/plexus-utils-3.0.jar
org/apache/maven/maven-artifact/2.0.9/maven-artifact-2.0.9.pom
org/apache/maven/maven/2.0.9/maven-2.0.9.pom
org/apache/maven/maven-parent/8/maven-parent-8.pom
org/apache/apache/4/apache-4.pom
org/codehaus/plexus/plexus-utils/1.5.8/plexus-utils-1.5.8.pom
org/codehaus/plexus/plexus/2.0.2/plexus-2.0.2.pom
org/apache/maven/maven-plugin-api/2.0.9/maven-plugin-api-2.0.9.pom
org/apache/maven/maven-project/2.0.9/maven-project-2.0.9.pom
org/apache/maven/maven-settings/2.0.9/maven-settings-2.0.9.pom
org/apache/maven/maven-model/2.0.9/maven-model-2.0.9.pom
org/codehaus/plexus/plexus-container-default/1.0-alpha-9-stable-1/plexus-container-default-1.0-alpha-9-stable-1.pom
junit/junit/3.8.2/junit-3.8.2.pom
org/apache/maven/maven-profile/2.0.9/maven-profile-2.0.9.pom
org/apache/maven/maven-artifact-manager/2.0.9/maven-artifact-manager-2.0.9.pom
org/apache/maven/maven-repository-metadata/2.0.9/maven-repository-metadata-2.0.9.pom
org/apache/maven/maven-plugin-registry/2.0.9/maven-plugin-registry-2.0.9.pom
org/apache/maven/maven-core/2.0.9/maven-core-2.0.9.pom
org/apache/maven/maven-plugin-parameter-documenter/2.0.9/maven-plugin-parameter-documenter-2.0.9.pom
org/apache/maven/reporting/maven-reporting-api/2.0.9/maven-reporting-api-2.0.9.pom
org/apache/maven/reporting/maven-reporting/2.0.9/maven-reporting-2.0.9.pom
org/apache/maven/doxia/doxia-sink-api/1.0-alpha-10/doxia-sink-api-1.0-alpha-10.pom
org/apache/maven/doxia/doxia/1.0-alpha-10/doxia-1.0-alpha-10.pom
org/apache/maven/maven-parent/6/maven-parent-6.pom
org/apache/maven/maven-error-diagnostics/2.0.9/maven-error-diagnostics-2.0.9.pom
commons-cli/commons-cli/1.0/commons-cli-1.0.pom
org/apache/maven/maven-plugin-descriptor/2.0.9/maven-plugin-descriptor-2.0.9.pom
org/codehaus/plexus/plexus-interactivity-api/1.0-alpha-4/plexus-interactivity-api-1.0-alpha-4.pom
org/apache/maven/maven-monitor/2.0.9/maven-monitor-2.0.9.pom
classworlds/classworlds/1.1/classworlds-1.1.pom
commons-lang/commons-lang/2.3/commons-lang-2.3.pom
org/apache/maven/enforcer/enforcer-api/1.2/enforcer-api-1.2.pom
org/apache/maven/enforcer/enforcer-rules/1.2/enforcer-rules-1.2.pom
org/apache/maven/shared/maven-common-artifact-filters/1.2/maven-common-artifact-filters-1.2.pom
org/apache/maven/shared/maven-shared-components/11/maven-shared-components-11.pom
org/apache/maven/maven-parent/11/maven-parent-11.pom
org/apache/apache/5/apache-5.pom
org/apache/maven/maven-model/2.0.8/maven-model-2.0.8.pom
org/apache/maven/maven/2.0.8/maven-2.0.8.pom
org/apache/maven/shared/maven-plugin-testing-harness/1.1/maven-plugin-testing-harness-1.1.pom
org/apache/maven/shared/maven-shared-components/7/maven-shared-components-7.pom
org/codehaus/plexus/plexus-archiver/1.0-alpha-7/plexus-archiver-1.0-alpha-7.pom
org/codehaus/plexus/plexus-components/1.1.6/plexus-components-1.1.6.pom
org/codehaus/plexus/plexus/1.0.8/plexus-1.0.8.pom
org/codehaus/plexus/plexus-container-default/1.0-alpha-8/plexus-container-default-1.0-alpha-8.pom
org/beanshell/bsh/2.0b4/bsh-2.0b4.pom
org/beanshell/beanshell/2.0b4/beanshell-2.0b4.pom
org/apache/maven/shared/maven-dependency-tree/2.0/maven-dependency-tree-2.0.pom
org/apache/maven/shared/maven-shared-components/17/maven-shared-components-17.pom
org/codehaus/plexus/plexus-component-annotations/1.5.5/plexus-component-annotations-1.5.5.pom
org/codehaus/plexus/plexus-containers/1.5.5/plexus-containers-1.5.5.pom
org/codehaus/plexus/plexus/2.0.7/plexus-2.0.7.pom
org/codehaus/plexus/plexus-i18n/1.0-beta-6/plexus-i18n-1.0-beta-6.pom
org/codehaus/plexus/plexus-components/1.1.4/plexus-components-1.1.4.pom
org/apache/maven/reporting/maven-reporting-api/2.0.9/maven-reporting-api-2.0.9.jar org/apache/maven/doxia/doxia-sink-api/1.0-alpha-10/doxia-sink-api-1.0-alpha-10.jar commons-cli/commons-cli/1.0/commons-cli-1.0.jar org/codehaus/plexus/plexus-interactivity-api/1.0-alpha-4/plexus-interactivity-api-1.0-alpha-4.jar org/codehaus/plexus/plexus-utils/1.5.8/plexus-utils-1.5.8.jar commons-lang/commons-lang/2.3/commons-lang-2.3.jar org/apache/maven/enforcer/enforcer-api/1.2/enforcer-api-1.2.jar org/apache/maven/enforcer/enforcer-rules/1.2/enforcer-rules-1.2.jar org/apache/maven/shared/maven-common-artifact-filters/1.2/maven-common-artifact-filters-1.2.jar org/beanshell/bsh/2.0b4/bsh-2.0b4.jar org/apache/maven/shared/maven-dependency-tree/2.0/maven-dependency-tree-2.0.jar org/codehaus/plexus/plexus-component-annotations/1.5.5/plexus-component-annotations-1.5.5.jar org/codehaus/plexus/plexus-i18n/1.0-beta-6/plexus-i18n-1.0-beta-6.jar
org/apache/maven/maven-plugin-api/2.2.1/maven-plugin-api-2.2.1.pom
org/apache/maven/maven/2.2.1/maven-2.2.1.pom
org/apache/maven/maven-project/2.2.1/maven-project-2.2.1.pom
org/apache/maven/maven-settings/2.2.1/maven-settings-2.2.1.pom
org/apache/maven/maven-model/2.2.1/maven-model-2.2.1.pom
org/codehaus/plexus/plexus-utils/1.5.15/plexus-utils-1.5.15.pom
org/codehaus/plexus/plexus-interpolation/1.11/plexus-interpolation-1.11.pom
org/codehaus/plexus/plexus-components/1.1.14/plexus-components-1.1.14.pom
junit/junit/3.8.1/junit-3.8.1.pom
org/codehaus/plexus/plexus-utils/1.0.4/plexus-utils-1.0.4.pom
org/apache/maven/maven-profile/2.2.1/maven-profile-2.2.1.pom
org/apache/maven/maven-artifact-manager/2.2.1/maven-artifact-manager-2.2.1.pom
org/apache/maven/maven-repository-metadata/2.2.1/maven-repository-metadata-2.2.1.pom
org/apache/maven/maven-artifact/2.2.1/maven-artifact-2.2.1.pom
backport-util-concurrent/backport-util-concurrent/3.1/backport-util-concurrent-3.1.pom
org/apache/maven/maven-plugin-registry/2.2.1/maven-plugin-registry-2.2.1.pom
org/apache/maven/shared/maven-dependency-tree/1.2/maven-dependency-tree-1.2.pom
org/apache/maven/shared/maven-shared-components/9/maven-shared-components-9.pom
org/apache/maven/maven-project/2.0.8/maven-project-2.0.8.pom
org/apache/maven/maven-settings/2.0.8/maven-settings-2.0.8.pom
org/codehaus/plexus/plexus-utils/1.4.6/plexus-utils-1.4.6.pom
org/codehaus/plexus/plexus/1.0.11/plexus-1.0.11.pom
org/apache/maven/maven-profile/2.0.8/maven-profile-2.0.8.pom
org/apache/maven/maven-artifact-manager/2.0.8/maven-artifact-manager-2.0.8.pom
org/apache/maven/maven-repository-metadata/2.0.8/maven-repository-metadata-2.0.8.pom
org/apache/maven/maven-artifact/2.0.8/maven-artifact-2.0.8.pom
org/apache/maven/maven-plugin-registry/2.0.8/maven-plugin-registry-2.0.8.pom
commons-lang/commons-lang/2.5/commons-lang-2.5.pom
org/apache/commons/commons-parent/12/commons-parent-12.pom
commons-collections/commons-collections/3.2.1/commons-collections-3.2.1.pom
org/apache/commons/commons-parent/9/commons-parent-9.pom
log4j/log4j/1.2.16/log4j-1.2.16.pom
org/slf4j/slf4j-log4j12/1.6.1/slf4j-log4j12-1.6.1.pom
org/slf4j/slf4j-parent/1.6.1/slf4j-parent-1.6.1.pom
org/slf4j/slf4j-api/1.6.1/slf4j-api-1.6.1.pom
com/pyx4j/maven-plugin-log4j/1.0.1/maven-plugin-log4j-1.0.1.pom
com/pyx4j/pyx4j-maven-plugins/1.0.1/pyx4j-maven-plugins-1.0.1.pom
com/pyx4j/pyx4j/1.0.1/pyx4j-1.0.1.pom
log4j/log4j/1.2.14/log4j-1.2.14.pom
org/apache/maven/maven-plugin-api/2.0/maven-plugin-api-2.0.pom
org/apache/maven/maven/2.0/maven-2.0.pom
org/apache/maven/maven-artifact/2.0/maven-artifact-2.0.pom
backport-util-concurrent/backport-util-concurrent/3.1/backport-util-concurrent-3.1.jar org/codehaus/plexus/plexus-interpolation/1.11/plexus-interpolation-1.11.jar org/codehaus/plexus/plexus-utils/1.5.15/plexus-utils-1.5.15.jar junit/junit/3.8.1/junit-3.8.1.jar org/apache/maven/shared/maven-dependency-tree/1.2/maven-dependency-tree-1.2.jar commons-lang/commons-lang/2.5/commons-lang-2.5.jar commons-collections/commons-collections/3.2.1/commons-collections-3.2.1.jar log4j/log4j/1.2.16/log4j-1.2.16.jar org/slf4j/slf4j-log4j12/1.6.1/slf4j-log4j12-1.6.1.jar org/slf4j/slf4j-api/1.6.1/slf4j-api-1.6.1.jar com/pyx4j/maven-plugin-log4j/1.0.1/maven-plugin-log4j-1.0.1.jar
org/apache/maven/maven-plugin-api/3.1.0/maven-plugin-api-3.1.0.pom
org/apache/maven/maven/3.1.0/maven-3.1.0.pom
org/apache/maven/maven-model/3.1.0/maven-model-3.1.0.pom
org/codehaus/plexus/plexus-utils/3.0.10/plexus-utils-3.0.10.pom
org/codehaus/plexus/plexus/3.3/plexus-3.3.pom
org/apache/maven/maven-artifact/3.1.0/maven-artifact-3.1.0.pom
org/eclipse/sisu/org.eclipse.sisu.plexus/0.0.0.M2a/org.eclipse.sisu.plexus-0.0.0.M2a.pom
org/eclipse/sisu/sisu-plexus/0.0.0.M2a/sisu-plexus-0.0.0.M2a.pom
javax/enterprise/cdi-api/1.0/cdi-api-1.0.pom
org/jboss/weld/weld-api-parent/1.0/weld-api-parent-1.0.pom
org/jboss/weld/weld-api-bom/1.0/weld-api-bom-1.0.pom
org/jboss/weld/weld-parent/6/weld-parent-6.pom
javax/annotation/jsr250-api/1.0/jsr250-api-1.0.pom
javax/inject/javax.inject/1/javax.inject-1.pom
com/google/guava/guava/10.0.1/guava-10.0.1.pom
com/google/guava/guava-parent/10.0.1/guava-parent-10.0.1.pom
com/google/code/findbugs/jsr305/1.3.9/jsr305-1.3.9.pom
org/sonatype/sisu/sisu-guice/3.1.0/sisu-guice-3.1.0.pom
org/sonatype/sisu/inject/guice-parent/3.1.0/guice-parent-3.1.0.pom
aopalliance/aopalliance/1.0/aopalliance-1.0.pom
org/eclipse/sisu/org.eclipse.sisu.inject/0.0.0.M2a/org.eclipse.sisu.inject-0.0.0.M2a.pom
org/eclipse/sisu/sisu-inject/0.0.0.M2a/sisu-inject-0.0.0.M2a.pom
asm/asm/3.3.1/asm-3.3.1.pom
asm/asm-parent/3.3.1/asm-parent-3.3.1.pom
org/codehaus/plexus/plexus-classworlds/2.4/plexus-classworlds-2.4.pom
org/codehaus/plexus/plexus-utils/2.1/plexus-utils-2.1.pom
org/apache/maven/maven-project/3.0-alpha-2/maven-project-3.0-alpha-2.pom
org/apache/maven/maven/3.0-alpha-2/maven-3.0-alpha-2.pom
org/apache/maven/maven-parent/10/maven-parent-10.pom
org/apache/maven/maven-model/3.0-alpha-2/maven-model-3.0-alpha-2.pom
org/codehaus/plexus/plexus-utils/1.5.6/plexus-utils-1.5.6.pom
org/codehaus/plexus/plexus/1.0.12/plexus-1.0.12.pom
org/codehaus/plexus/plexus-interpolation/1.1/plexus-interpolation-1.1.pom
org/apache/maven/maven-compat/3.0-alpha-2/maven-compat-3.0-alpha-2.pom
org/codehaus/plexus/plexus-container-default/1.0-beta-3.0.5/plexus-container-default-1.0-beta-3.0.5.pom
org/codehaus/plexus/plexus-containers/1.0-beta-3.0.5/plexus-containers-1.0-beta-3.0.5.pom
org/codehaus/plexus/plexus-utils/1.4.5/plexus-utils-1.4.5.pom
org/codehaus/plexus/plexus-classworlds/1.4/plexus-classworlds-1.4.pom
org/codehaus/plexus/plexus/2.0.0/plexus-2.0.0.pom
org/apache/xbean/xbean-reflect/3.4/xbean-reflect-3.4.pom
org/apache/xbean/xbean/3.4/xbean-3.4.pom
log4j/log4j/1.2.12/log4j-1.2.12.pom
commons-logging/commons-logging-api/1.1/commons-logging-api-1.1.pom
com/google/code/google-collections/google-collect/snapshot-20080530/google-collect-snapshot-20080530.pom
org/codehaus/plexus/plexus-component-annotations/1.0-beta-3.0.5/plexus-component-annotations-1.0-beta-3.0.5.pom
org/apache/maven/wagon/wagon-provider-api/1.0-beta-4/wagon-provider-api-1.0-beta-4.pom
org/apache/maven/wagon/wagon/1.0-beta-4/wagon-1.0-beta-4.pom
org/codehaus/plexus/plexus-utils/1.4.2/plexus-utils-1.4.2.pom
org/codehaus/woodstox/wstx-asl/3.2.6/wstx-asl-3.2.6.pom
stax/stax-api/1.0.1/stax-api-1.0.1.pom
org/sonatype/spice/model-builder/1.3/model-builder-1.3.pom
org/sonatype/spice/spice-parent/10/spice-parent-10.pom
org/sonatype/forge/forge-parent/3/forge-parent-3.pom
org/apache/maven/maven-project-builder/3.0-alpha-2/maven-project-builder-3.0-alpha-2.pom
com/mycila/mycila-xmltool/4.0.rc1/mycila-xmltool-4.0.rc1.pom
com/mycila/mycila-pom/1/mycila-pom-1.pom
javax/enterprise/cdi-api/1.0/cdi-api-1.0.jar javax/annotation/jsr250-api/1.0/jsr250-api-1.0.jar javax/inject/javax.inject/1/javax.inject-1.jar com/google/guava/guava/10.0.1/guava-10.0.1.jar com/google/code/findbugs/jsr305/1.3.9/jsr305-1.3.9.jar org/sonatype/sisu/sisu-guice/3.1.0/sisu-guice-3.1.0-no_aop.jar aopalliance/aopalliance/1.0/aopalliance-1.0.jar org/eclipse/sisu/org.eclipse.sisu.inject/0.0.0.M2a/org.eclipse.sisu.inject-0.0.0.M2a.jar asm/asm/3.3.1/asm-3.3.1.jar org/codehaus/plexus/plexus-utils/1.5.6/plexus-utils-1.5.6.jar org/codehaus/plexus/plexus-interpolation/1.1/plexus-interpolation-1.1.jar org/apache/xbean/xbean-reflect/3.4/xbean-reflect-3.4.jar log4j/log4j/1.2.12/log4j-1.2.12.jar commons-logging/commons-logging-api/1.1/commons-logging-api-1.1.jar com/google/code/google-collections/google-collect/snapshot-20080530/google-collect-snapshot-20080530.jar junit/junit/3.8.2/junit-3.8.2.jar org/codehaus/woodstox/wstx-asl/3.2.6/wstx-asl-3.2.6.jar stax/stax-api/1.0.1/stax-api-1.0.1.jar org/sonatype/spice/model-builder/1.3/model-builder-1.3.jar org/apache/maven/maven-project-builder/3.0-alpha-2/maven-project-builder-3.0-alpha-2.jar com/mycila/mycila-xmltool/4.0.rc1/mycila-xmltool-4.0.rc1.jar
org/apache/maven/maven-plugin-api/2.1.0/maven-plugin-api-2.1.0.pom
org/apache/maven/maven/2.1.0/maven-2.1.0.pom
org/apache/maven/maven-project/2.1.0/maven-project-2.1.0.pom
org/apache/maven/maven-settings/2.1.0/maven-settings-2.1.0.pom
org/apache/maven/maven-model/2.1.0/maven-model-2.1.0.pom
org/codehaus/plexus/plexus-interpolation/1.8.1/plexus-interpolation-1.8.1.pom
org/codehaus/plexus/plexus/1.0.13/plexus-1.0.13.pom
org/apache/maven/maven-profile/2.1.0/maven-profile-2.1.0.pom
org/apache/maven/maven-artifact-manager/2.1.0/maven-artifact-manager-2.1.0.pom
org/apache/maven/maven-repository-metadata/2.1.0/maven-repository-metadata-2.1.0.pom
org/apache/maven/maven-artifact/2.1.0/maven-artifact-2.1.0.pom
org/apache/maven/maven-plugin-registry/2.1.0/maven-plugin-registry-2.1.0.pom
org/apache/maven/reporting/maven-reporting-api/2.1.0/maven-reporting-api-2.1.0.pom
org/apache/maven/reporting/maven-reporting/2.1.0/maven-reporting-2.1.0.pom
org/apache/maven/doxia/doxia-sink-api/1.1/doxia-sink-api-1.1.pom
org/apache/maven/doxia/doxia/1.1/doxia-1.1.pom
org/apache/maven/doxia/doxia-logging-api/1.1/doxia-logging-api-1.1.pom
org/codehaus/plexus/plexus-container-default/1.0-alpha-30/plexus-container-default-1.0-alpha-30.pom
org/codehaus/plexus/plexus-containers/1.0-alpha-30/plexus-containers-1.0-alpha-30.pom
org/codehaus/plexus/plexus-classworlds/1.2-alpha-9/plexus-classworlds-1.2-alpha-9.pom
org/codehaus/plexus/plexus/1.0.10/plexus-1.0.10.pom
org/apache/maven/reporting/maven-reporting-impl/2.1/maven-reporting-impl-2.1.pom
org/apache/maven/shared/maven-shared-components/15/maven-shared-components-15.pom
org/apache/maven/maven-parent/16/maven-parent-16.pom
org/apache/maven/reporting/maven-reporting-api/3.0/maven-reporting-api-3.0.pom
org/apache/maven/doxia/doxia-sink-api/1.0/doxia-sink-api-1.0.pom
org/apache/maven/doxia/doxia/1.0/doxia-1.0.pom
org/apache/maven/maven-project/2.0.10/maven-project-2.0.10.pom
org/apache/maven/maven/2.0.10/maven-2.0.10.pom
org/apache/maven/maven-parent/9/maven-parent-9.pom
org/apache/maven/maven-settings/2.0.10/maven-settings-2.0.10.pom
org/apache/maven/maven-model/2.0.10/maven-model-2.0.10.pom
org/codehaus/plexus/plexus-utils/1.5.5/plexus-utils-1.5.5.pom
org/apache/maven/maven-profile/2.0.10/maven-profile-2.0.10.pom
org/apache/maven/maven-artifact-manager/2.0.10/maven-artifact-manager-2.0.10.pom
org/apache/maven/maven-repository-metadata/2.0.10/maven-repository-metadata-2.0.10.pom
org/apache/maven/maven-artifact/2.0.10/maven-artifact-2.0.10.pom
org/apache/maven/maven-plugin-registry/2.0.10/maven-plugin-registry-2.0.10.pom
org/apache/maven/maven-plugin-api/2.0.10/maven-plugin-api-2.0.10.pom
org/apache/maven/doxia/doxia-sink-api/1.1.2/doxia-sink-api-1.1.2.pom
org/apache/maven/doxia/doxia/1.1.2/doxia-1.1.2.pom
org/apache/maven/maven-parent/15/maven-parent-15.pom
org/apache/apache/6/apache-6.pom
org/apache/maven/doxia/doxia-logging-api/1.1.2/doxia-logging-api-1.1.2.pom
org/apache/maven/doxia/doxia-core/1.1.2/doxia-core-1.1.2.pom
org/codehaus/plexus/plexus-utils/1.5.12/plexus-utils-1.5.12.pom
xerces/xercesImpl/2.8.1/xercesImpl-2.8.1.pom
xml-apis/xml-apis/1.3.03/xml-apis-1.3.03.pom
org/apache/apache/1/apache-1.pom
commons-lang/commons-lang/2.4/commons-lang-2.4.pom
commons-httpclient/commons-httpclient/3.1/commons-httpclient-3.1.pom
commons-logging/commons-logging/1.0.4/commons-logging-1.0.4.pom
commons-codec/commons-codec/1.2/commons-codec-1.2.pom
org/apache/maven/doxia/doxia-site-renderer/1.1.2/doxia-site-renderer-1.1.2.pom
org/apache/maven/doxia/doxia-sitetools/1.1.2/doxia-sitetools-1.1.2.pom
org/apache/maven/doxia/doxia-decoration-model/1.1.2/doxia-decoration-model-1.1.2.pom
org/apache/maven/doxia/doxia-module-xhtml/1.1.2/doxia-module-xhtml-1.1.2.pom
org/apache/maven/doxia/doxia-modules/1.1.2/doxia-modules-1.1.2.pom
org/apache/maven/doxia/doxia-module-fml/1.1.2/doxia-module-fml-1.1.2.pom
org/codehaus/plexus/plexus-i18n/1.0-beta-7/plexus-i18n-1.0-beta-7.pom
org/codehaus/plexus/plexus-components/1.1.12/plexus-components-1.1.12.pom
org/codehaus/plexus/plexus-utils/1.4.1/plexus-utils-1.4.1.pom
org/codehaus/plexus/plexus-velocity/1.1.7/plexus-velocity-1.1.7.pom
org/codehaus/plexus/plexus-container-default/1.0-alpha-20/plexus-container-default-1.0-alpha-20.pom
org/codehaus/plexus/plexus-containers/1.0-alpha-20/plexus-containers-1.0-alpha-20.pom
org/codehaus/plexus/plexus-utils/1.3/plexus-utils-1.3.pom
org/codehaus/plexus/plexus-classworlds/1.2-alpha-7/plexus-classworlds-1.2-alpha-7.pom
org/codehaus/plexus/plexus/1.0.9/plexus-1.0.9.pom
org/apache/velocity/velocity/1.5/velocity-1.5.pom
commons-collections/commons-collections/3.1/commons-collections-3.1.pom
commons-lang/commons-lang/2.1/commons-lang-2.1.pom
oro/oro/2.0.8/oro-2.0.8.pom
commons-collections/commons-collections/3.2/commons-collections-3.2.pom
commons-validator/commons-validator/1.2.0/commons-validator-1.2.0.pom
commons-beanutils/commons-beanutils/1.7.0/commons-beanutils-1.7.0.pom
commons-logging/commons-logging/1.0.3/commons-logging-1.0.3.pom
commons-digester/commons-digester/1.6/commons-digester-1.6.pom
commons-beanutils/commons-beanutils/1.6/commons-beanutils-1.6.pom
commons-logging/commons-logging/1.0/commons-logging-1.0.pom
commons-collections/commons-collections/2.0/commons-collections-2.0.pom
commons-collections/commons-collections/2.1/commons-collections-2.1.pom
xml-apis/xml-apis/1.0.b2/xml-apis-1.0.b2.pom
xml-apis/xml-apis/2.0.2/xml-apis-2.0.2.pom
org/jacoco/org.jacoco.agent/0.6.2.201302030002/org.jacoco.agent-0.6.2.201302030002.pom
org/jacoco/org.jacoco.core/0.6.2.201302030002/org.jacoco.core-0.6.2.201302030002.pom
org/ow2/asm/asm-all/4.1/asm-all-4.1.pom
org/ow2/asm/asm-parent/4.1/asm-parent-4.1.pom
org/ow2/ow2/1.3/ow2-1.3.pom
org/jacoco/org.jacoco.report/0.6.2.201302030002/org.jacoco.report-0.6.2.201302030002.pom
org/codehaus/plexus/plexus-interpolation/1.8.1/plexus-interpolation-1.8.1.jar org/apache/maven/reporting/maven-reporting-api/2.1.0/maven-reporting-api-2.1.0.jar org/apache/maven/doxia/doxia-sink-api/1.1/doxia-sink-api-1.1.jar org/apache/maven/doxia/doxia-logging-api/1.1/doxia-logging-api-1.1.jar org/apache/maven/reporting/maven-reporting-impl/2.1/maven-reporting-impl-2.1.jar org/apache/maven/doxia/doxia-core/1.1.2/doxia-core-1.1.2.jar xerces/xercesImpl/2.8.1/xercesImpl-2.8.1.jar commons-lang/commons-lang/2.4/commons-lang-2.4.jar commons-httpclient/commons-httpclient/3.1/commons-httpclient-3.1.jar commons-codec/commons-codec/1.2/commons-codec-1.2.jar org/apache/maven/doxia/doxia-site-renderer/1.1.2/doxia-site-renderer-1.1.2.jar org/apache/maven/doxia/doxia-decoration-model/1.1.2/doxia-decoration-model-1.1.2.jar org/apache/maven/doxia/doxia-module-xhtml/1.1.2/doxia-module-xhtml-1.1.2.jar org/apache/maven/doxia/doxia-module-fml/1.1.2/doxia-module-fml-1.1.2.jar org/codehaus/plexus/plexus-i18n/1.0-beta-7/plexus-i18n-1.0-beta-7.jar org/codehaus/plexus/plexus-velocity/1.1.7/plexus-velocity-1.1.7.jar org/apache/velocity/velocity/1.5/velocity-1.5.jar commons-collections/commons-collections/3.2/commons-collections-3.2.jar commons-validator/commons-validator/1.2.0/commons-validator-1.2.0.jar commons-beanutils/commons-beanutils/1.7.0/commons-beanutils-1.7.0.jar commons-digester/commons-digester/1.6/commons-digester-1.6.jar commons-logging/commons-logging/1.0.4/commons-logging-1.0.4.jar oro/oro/2.0.8/oro-2.0.8.jar xml-apis/xml-apis/1.0.b2/xml-apis-1.0.b2.jar org/jacoco/org.jacoco.agent/0.6.2.201302030002/org.jacoco.agent-0.6.2.201302030002-runtime.jar org/jacoco/org.jacoco.core/0.6.2.201302030002/org.jacoco.core-0.6.2.201302030002.jar org/ow2/asm/asm-all/4.1/asm-all-4.1.jar org/jacoco/org.jacoco.report/0.6.2.201302030002/org.jacoco.report-0.6.2.201302030002.jar
org/codehaus/plexus/plexus-utils/1.5.1/plexus-utils-1.5.1.pom
org/apache/maven/reporting/maven-reporting-impl/2.0.5/maven-reporting-impl-2.0.5.pom
org/apache/maven/maven-project/2.0.6/maven-project-2.0.6.pom
org/apache/maven/maven-settings/2.0.6/maven-settings-2.0.6.pom
org/apache/maven/maven-model/2.0.6/maven-model-2.0.6.pom
org/apache/maven/maven-profile/2.0.6/maven-profile-2.0.6.pom
org/apache/maven/maven-artifact-manager/2.0.6/maven-artifact-manager-2.0.6.pom
org/apache/maven/maven-repository-metadata/2.0.6/maven-repository-metadata-2.0.6.pom
org/apache/maven/maven-artifact/2.0.6/maven-artifact-2.0.6.pom
org/apache/maven/maven-plugin-registry/2.0.6/maven-plugin-registry-2.0.6.pom
org/apache/maven/doxia/doxia-core/1.0/doxia-core-1.0.pom
org/codehaus/plexus/plexus-utils/1.5.7/plexus-utils-1.5.7.pom
org/apache/maven/doxia/doxia-site-renderer/1.0/doxia-site-renderer-1.0.pom
org/apache/maven/doxia/doxia-sitetools/1.0/doxia-sitetools-1.0.pom
org/apache/maven/doxia/doxia-decoration-model/1.0/doxia-decoration-model-1.0.pom
org/apache/maven/doxia/doxia-module-apt/1.0/doxia-module-apt-1.0.pom
org/apache/maven/doxia/doxia-modules/1.0/doxia-modules-1.0.pom
org/apache/maven/doxia/doxia-module-fml/1.0/doxia-module-fml-1.0.pom
org/apache/maven/doxia/doxia-module-xdoc/1.0/doxia-module-xdoc-1.0.pom
org/apache/maven/doxia/doxia-module-xhtml/1.0/doxia-module-xhtml-1.0.pom
org/apache/maven/shared/maven-doxia-tools/1.0.2/maven-doxia-tools-1.0.2.pom
commons-io/commons-io/1.4/commons-io-1.4.pom
org/apache/commons/commons-parent/7/commons-parent-7.pom
org/apache/maven/reporting/maven-reporting-api/2.0.6/maven-reporting-api-2.0.6.pom
org/apache/maven/reporting/maven-reporting/2.0.6/maven-reporting-2.0.6.pom
org/apache/maven/doxia/doxia-sink-api/1.0-alpha-7/doxia-sink-api-1.0-alpha-7.pom
org/apache/maven/doxia/doxia/1.0-alpha-7/doxia-1.0-alpha-7.pom
org/codehaus/plexus/plexus-archiver/2.3/plexus-archiver-2.3.pom
org/codehaus/plexus/plexus-components/1.3/plexus-components-1.3.pom
org/codehaus/plexus/plexus-io/2.0.6/plexus-io-2.0.6.pom
org/codehaus/plexus/plexus-components/1.2/plexus-components-1.2.pom
org/codehaus/plexus/plexus/3.2/plexus-3.2.pom
org/codehaus/plexus/plexus-utils/3.0.8/plexus-utils-3.0.8.pom
org/codehaus/plexus/plexus-utils/3.0.9/plexus-utils-3.0.9.pom
org/apache/maven/shared/file-management/1.2.1/file-management-1.2.1.pom
org/apache/maven/shared/maven-shared-components/10/maven-shared-components-10.pom
org/apache/maven/shared/maven-shared-io/1.1/maven-shared-io-1.1.pom
org/apache/maven/shared/maven-shared-components/8/maven-shared-components-8.pom
org/apache/maven/maven-parent/7/maven-parent-7.pom
org/apache/maven/maven-artifact/2.0.2/maven-artifact-2.0.2.pom
org/apache/maven/maven/2.0.2/maven-2.0.2.pom
org/codehaus/plexus/plexus-utils/1.1/plexus-utils-1.1.pom
org/apache/maven/maven-artifact-manager/2.0.2/maven-artifact-manager-2.0.2.pom
org/apache/maven/maven-repository-metadata/2.0.2/maven-repository-metadata-2.0.2.pom
org/apache/maven/wagon/wagon-provider-api/1.0-alpha-6/wagon-provider-api-1.0-alpha-6.pom
org/apache/maven/wagon/wagon/1.0-alpha-6/wagon-1.0-alpha-6.pom
org/apache/maven/shared/maven-dependency-analyzer/1.4/maven-dependency-analyzer-1.4.pom
org/apache/maven/shared/maven-shared-components/19/maven-shared-components-19.pom
org/apache/maven/maven-project/2.0.5/maven-project-2.0.5.pom
org/apache/maven/maven/2.0.5/maven-2.0.5.pom
org/apache/maven/maven-settings/2.0.5/maven-settings-2.0.5.pom
org/apache/maven/maven-model/2.0.5/maven-model-2.0.5.pom
org/apache/maven/maven-profile/2.0.5/maven-profile-2.0.5.pom
org/apache/maven/maven-artifact-manager/2.0.5/maven-artifact-manager-2.0.5.pom
org/apache/maven/maven-repository-metadata/2.0.5/maven-repository-metadata-2.0.5.pom
org/apache/maven/maven-artifact/2.0.5/maven-artifact-2.0.5.pom
org/apache/maven/shared/maven-dependency-tree/2.1/maven-dependency-tree-2.1.pom
org/apache/maven/maven-project/2.2.0/maven-project-2.2.0.pom
org/apache/maven/maven/2.2.0/maven-2.2.0.pom
org/apache/maven/maven-settings/2.2.0/maven-settings-2.2.0.pom
org/apache/maven/maven-model/2.2.0/maven-model-2.2.0.pom
org/apache/maven/maven-profile/2.2.0/maven-profile-2.2.0.pom
org/apache/maven/maven-artifact-manager/2.2.0/maven-artifact-manager-2.2.0.pom
org/apache/maven/maven-repository-metadata/2.2.0/maven-repository-metadata-2.2.0.pom
org/apache/maven/maven-artifact/2.2.0/maven-artifact-2.2.0.pom
org/apache/maven/maven-plugin-registry/2.2.0/maven-plugin-registry-2.2.0.pom
org/eclipse/aether/aether-util/0.9.0.M2/aether-util-0.9.0.M2.pom
org/eclipse/aether/aether/0.9.0.M2/aether-0.9.0.M2.pom
org/apache/maven/shared/maven-common-artifact-filters/1.4/maven-common-artifact-filters-1.4.pom
org/apache/maven/maven-plugin-api/2.0.8/maven-plugin-api-2.0.8.pom
org/codehaus/plexus/plexus-container-default/1.5.5/plexus-container-default-1.5.5.pom
org/codehaus/plexus/plexus-classworlds/2.2.2/plexus-classworlds-2.2.2.pom
org/codehaus/plexus/plexus/2.0.3/plexus-2.0.3.pom
com/google/collections/google-collections/1.0/google-collections-1.0.pom
com/google/google/1/google-1.pom
org/apache/maven/shared/maven-invoker/2.0.11/maven-invoker-2.0.11.pom
org/apache/maven/shared/maven-shared-components/12/maven-shared-components-12.pom
org/apache/maven/maven-parent/13/maven-parent-13.pom
org/apache/maven/reporting/maven-reporting-api/3.0/maven-reporting-api-3.0.jar org/apache/maven/reporting/maven-reporting-impl/2.0.5/maven-reporting-impl-2.0.5.jar org/apache/maven/doxia/doxia-core/1.0/doxia-core-1.0.jar org/apache/maven/shared/maven-doxia-tools/1.0.2/maven-doxia-tools-1.0.2.jar commons-io/commons-io/1.4/commons-io-1.4.jar org/apache/maven/doxia/doxia-sink-api/1.0/doxia-sink-api-1.0.jar org/apache/maven/doxia/doxia-site-renderer/1.0/doxia-site-renderer-1.0.jar org/apache/maven/doxia/doxia-decoration-model/1.0/doxia-decoration-model-1.0.jar org/apache/maven/doxia/doxia-module-apt/1.0/doxia-module-apt-1.0.jar org/apache/maven/doxia/doxia-module-fml/1.0/doxia-module-fml-1.0.jar org/apache/maven/doxia/doxia-module-xdoc/1.0/doxia-module-xdoc-1.0.jar org/apache/maven/doxia/doxia-module-xhtml/1.0/doxia-module-xhtml-1.0.jar org/codehaus/plexus/plexus-archiver/2.3/plexus-archiver-2.3.jar org/codehaus/plexus/plexus-utils/3.0.9/plexus-utils-3.0.9.jar org/apache/maven/shared/file-management/1.2.1/file-management-1.2.1.jar org/apache/maven/shared/maven-shared-io/1.1/maven-shared-io-1.1.jar org/codehaus/plexus/plexus-io/2.0.6/plexus-io-2.0.6.jar org/apache/maven/shared/maven-dependency-analyzer/1.4/maven-dependency-analyzer-1.4.jar org/apache/maven/shared/maven-dependency-tree/2.1/maven-dependency-tree-2.1.jar org/eclipse/aether/aether-util/0.9.0.M2/aether-util-0.9.0.M2.jar org/apache/maven/shared/maven-common-artifact-filters/1.4/maven-common-artifact-filters-1.4.jar org/apache/maven/shared/maven-invoker/2.0.11/maven-invoker-2.0.11.jar
commons-codec/commons-codec/1.5/commons-codec-1.5.pom
org/apache/commons/commons-parent/20/commons-parent-20.pom
org/codehaus/plexus/plexus-utils/1.5.1/plexus-utils-1.5.1.jar commons-codec/commons-codec/1.5/commons-codec-1.5.jar
org/apache/maven/maven-archiver/2.5/maven-archiver-2.5.pom
org/apache/maven/maven-core/2.0.6/maven-core-2.0.6.pom
org/apache/maven/maven-plugin-parameter-documenter/2.0.6/maven-plugin-parameter-documenter-2.0.6.pom
org/apache/maven/maven-error-diagnostics/2.0.6/maven-error-diagnostics-2.0.6.pom
org/apache/maven/maven-plugin-descriptor/2.0.6/maven-plugin-descriptor-2.0.6.pom
org/apache/maven/maven-monitor/2.0.6/maven-monitor-2.0.6.pom
org/codehaus/plexus/plexus-archiver/2.1/plexus-archiver-2.1.pom
org/codehaus/plexus/plexus-io/2.0.2/plexus-io-2.0.2.pom
org/codehaus/plexus/plexus-components/1.1.19/plexus-components-1.1.19.pom
org/codehaus/plexus/plexus/3.0.1/plexus-3.0.1.pom
org/codehaus/plexus/plexus-interpolation/1.15/plexus-interpolation-1.15.pom
org/apache/maven/maven-archiver/2.5/maven-archiver-2.5.jar org/apache/maven/reporting/maven-reporting-api/2.0.6/maven-reporting-api-2.0.6.jar org/apache/maven/doxia/doxia-sink-api/1.0-alpha-7/doxia-sink-api-1.0-alpha-7.jar org/codehaus/plexus/plexus-interpolation/1.15/plexus-interpolation-1.15.jar org/codehaus/plexus/plexus-archiver/2.1/plexus-archiver-2.1.jar org/codehaus/plexus/plexus-io/2.0.2/plexus-io-2.0.2.jar commons-lang/commons-lang/2.1/commons-lang-2.1.jar
org/codehaus/plexus/plexus-archiver/2.2/plexus-archiver-2.2.pom
org/codehaus/plexus/plexus-components/1.1.20/plexus-components-1.1.20.pom
org/codehaus/plexus/plexus-io/2.0.4/plexus-io-2.0.4.pom
org/codehaus/plexus/plexus-archiver/2.2/plexus-archiver-2.2.jar org/codehaus/plexus/plexus-io/2.0.4/plexus-io-2.0.4.jar org/codehaus/plexus/plexus-utils/3.0.8/plexus-utils-3.0.8.jar
org/apache/maven/plugins/maven-resources-plugin/2.6/maven-resources-plugin-2.6.pom
org/apache/maven/plugins/maven-resources-plugin/2.6/maven-resources-plugin-2.6.jar
org/apache/maven/plugins/maven-compiler-plugin/3.0/maven-compiler-plugin-3.0.pom
org/apache/maven/plugins/maven-compiler-plugin/3.0/maven-compiler-plugin-3.0.jar
org/apache/maven/plugins/maven-surefire-plugin/2.14/maven-surefire-plugin-2.14.pom
org/apache/maven/surefire/surefire/2.14/surefire-2.14.pom
org/apache/maven/plugins/maven-surefire-plugin/2.14/maven-surefire-plugin-2.14.jar
com/google/guava/guava/16.0.1/guava-16.0.1.pom
com/google/guava/guava-parent/16.0.1/guava-parent-16.0.1.pom
org/testng/testng/6.8.7/testng-6.8.7.pom
org/sonatype/oss/oss-parent/3/oss-parent-3.pom
com/beust/jcommander/1.27/jcommander-1.27.pom
org/yaml/snakeyaml/1.12/snakeyaml-1.12.pom
com/google/guava/guava/16.0.1/guava-16.0.1.jar org/testng/testng/6.8.7/testng-6.8.7.jar com/beust/jcommander/1.27/jcommander-1.27.jar org/yaml/snakeyaml/1.12/snakeyaml-1.12.jar
org/apache/ant/ant/1.7.0/ant-1.7.0.pom
org/apache/ant/ant-parent/1.7.0/ant-parent-1.7.0.pom
org/apache/ant/ant-launcher/1.7.0/ant-launcher-1.7.0.pom
org/codehaus/plexus/plexus-utils/2.0.5/plexus-utils-2.0.5.pom
org/codehaus/plexus/plexus/2.0.6/plexus-2.0.6.pom
org/apache/maven/shared/maven-filtering/1.1/maven-filtering-1.1.pom
org/codehaus/plexus/plexus-interpolation/1.12/plexus-interpolation-1.12.pom
org/sonatype/plexus/plexus-build-api/0.0.4/plexus-build-api-0.0.4.pom
org/codehaus/plexus/plexus-interpolation/1.13/plexus-interpolation-1.13.pom
org/codehaus/plexus/plexus-components/1.1.15/plexus-components-1.1.15.pom
org/codehaus/plexus/plexus-utils/2.0.5/plexus-utils-2.0.5.jar org/apache/maven/shared/maven-filtering/1.1/maven-filtering-1.1.jar org/sonatype/plexus/plexus-build-api/0.0.4/plexus-build-api-0.0.4.jar org/codehaus/plexus/plexus-interpolation/1.13/plexus-interpolation-1.13.jar
org/apache/maven/maven-toolchain/1.0/maven-toolchain-1.0.pom
org/apache/maven/shared/maven-shared-utils/0.1/maven-shared-utils-0.1.pom
org/apache/maven/shared/maven-shared-components/18/maven-shared-components-18.pom
com/google/code/findbugs/jsr305/2.0.1/jsr305-2.0.1.pom
org/apache/maven/shared/maven-shared-incremental/1.0/maven-shared-incremental-1.0.pom
org/apache/maven/maven-core/2.2.1/maven-core-2.2.1.pom
org/apache/maven/maven-plugin-parameter-documenter/2.2.1/maven-plugin-parameter-documenter-2.2.1.pom
org/slf4j/slf4j-jdk14/1.5.6/slf4j-jdk14-1.5.6.pom
org/slf4j/slf4j-parent/1.5.6/slf4j-parent-1.5.6.pom
org/slf4j/slf4j-api/1.5.6/slf4j-api-1.5.6.pom
org/slf4j/jcl-over-slf4j/1.5.6/jcl-over-slf4j-1.5.6.pom
org/apache/maven/maven-error-diagnostics/2.2.1/maven-error-diagnostics-2.2.1.pom
org/apache/maven/maven-plugin-descriptor/2.2.1/maven-plugin-descriptor-2.2.1.pom
org/apache/maven/maven-monitor/2.2.1/maven-monitor-2.2.1.pom
org/sonatype/plexus/plexus-sec-dispatcher/1.3/plexus-sec-dispatcher-1.3.pom
org/sonatype/spice/spice-parent/12/spice-parent-12.pom
org/sonatype/forge/forge-parent/4/forge-parent-4.pom
org/sonatype/plexus/plexus-cipher/1.4/plexus-cipher-1.4.pom
org/codehaus/plexus/plexus-compiler-api/2.0/plexus-compiler-api-2.0.pom
org/codehaus/plexus/plexus-compiler/2.0/plexus-compiler-2.0.pom
org/codehaus/plexus/plexus-compiler-manager/2.0/plexus-compiler-manager-2.0.pom
org/codehaus/plexus/plexus-compiler-javac/2.0/plexus-compiler-javac-2.0.pom
org/codehaus/plexus/plexus-compilers/2.0/plexus-compilers-2.0.pom
org/apache/maven/shared/maven-shared-utils/0.1/maven-shared-utils-0.1.jar com/google/code/findbugs/jsr305/2.0.1/jsr305-2.0.1.jar org/apache/maven/shared/maven-shared-incremental/1.0/maven-shared-incremental-1.0.jar org/codehaus/plexus/plexus-compiler-api/2.0/plexus-compiler-api-2.0.jar org/codehaus/plexus/plexus-compiler-manager/2.0/plexus-compiler-manager-2.0.jar org/codehaus/plexus/plexus-compiler-javac/2.0/plexus-compiler-javac-2.0.jar com/google/collections/google-collections/1.0/google-collections-1.0.jar
org/apache/maven/surefire/maven-surefire-common/2.14/maven-surefire-common-2.14.pom
org/apache/maven/plugin-tools/maven-plugin-annotations/3.2/maven-plugin-annotations-3.2.pom
org/apache/maven/plugin-tools/maven-plugin-tools/3.2/maven-plugin-tools-3.2.pom
org/apache/maven/surefire/surefire-api/2.14/surefire-api-2.14.pom
org/apache/maven/surefire/surefire-booter/2.14/surefire-booter-2.14.pom
org/apache/maven/maven-toolchain/2.0.9/maven-toolchain-2.0.9.pom
org/apache/commons/commons-lang3/3.1/commons-lang3-3.1.pom
org/apache/commons/commons-parent/22/commons-parent-22.pom
org/apache/maven/surefire/maven-surefire-common/2.14/maven-surefire-common-2.14.jar org/apache/maven/surefire/surefire-booter/2.14/surefire-booter-2.14.jar org/apache/commons/commons-lang3/3.1/commons-lang3-3.1.jar org/apache/maven/surefire/surefire-api/2.14/surefire-api-2.14.jar org/apache/maven/plugin-tools/maven-plugin-annotations/3.2/maven-plugin-annotations-3.2.jar
com/google/code/findbugs/annotations/2.0.3/annotations-2.0.3.pom
javax/validation/validation-api/1.1.0.Final/validation-api-1.1.0.Final.pom
org/apache/bval/bval-jsr303/0.5/bval-jsr303-0.5.pom
org/apache/bval/bval-parent/0.5/bval-parent-0.5.pom
org/apache/bval/bval-core/0.5/bval-core-0.5.pom
commons-beanutils/commons-beanutils-core/1.8.3/commons-beanutils-core-1.8.3.pom
com/google/code/findbugs/annotations/2.0.3/annotations-2.0.3.jar javax/validation/validation-api/1.1.0.Final/validation-api-1.1.0.Final.jar org/apache/bval/bval-jsr303/0.5/bval-jsr303-0.5.jar org/apache/bval/bval-core/0.5/bval-core-0.5.jar commons-beanutils/commons-beanutils-core/1.8.3/commons-beanutils-core-1.8.3.jar
com/google/inject/guice/3.0/guice-3.0.pom
com/google/inject/guice-parent/3.0/guice-parent-3.0.pom
com/google/google/5/google-5.pom
cglib/cglib-nodep/2.2.2/cglib-nodep-2.2.2.pom
com/google/inject/guice/3.0/guice-3.0.jar cglib/cglib-nodep/2.2.2/cglib-nodep-2.2.2.jar
org/sonatype/sisu/inject/cglib/2.2.1-v20090111/cglib-2.2.1-v20090111.pom
org/sonatype/forge/forge-parent/6/forge-parent-6.pom
asm/asm/3.1/asm-3.1.pom
asm/asm-parent/3.1/asm-parent-3.1.pom
ant/ant/1.6.2/ant-1.6.2.pom
org/slf4j/jul-to-slf4j/1.7.5/jul-to-slf4j-1.7.5.pom
org/slf4j/slf4j-parent/1.7.5/slf4j-parent-1.7.5.pom
org/slf4j/slf4j-api/1.7.5/slf4j-api-1.7.5.pom
org/slf4j/log4j-over-slf4j/1.7.5/log4j-over-slf4j-1.7.5.pom
org/slf4j/jcl-over-slf4j/1.7.5/jcl-over-slf4j-1.7.5.pom
ch/qos/logback/logback-classic/1.0.13/logback-classic-1.0.13.pom
ch/qos/logback/logback-parent/1.0.13/logback-parent-1.0.13.pom
ch/qos/logback/logback-core/1.0.13/logback-core-1.0.13.pom
org/weakref/jmxutils/1.18/jmxutils-1.18.pom
org/slf4j/jul-to-slf4j/1.7.5/jul-to-slf4j-1.7.5.jar org/slf4j/log4j-over-slf4j/1.7.5/log4j-over-slf4j-1.7.5.jar org/slf4j/jcl-over-slf4j/1.7.5/jcl-over-slf4j-1.7.5.jar org/slf4j/slf4j-api/1.7.5/slf4j-api-1.7.5.jar ch/qos/logback/logback-classic/1.0.13/logback-classic-1.0.13.jar ch/qos/logback/logback-core/1.0.13/logback-core-1.0.13.jar org/weakref/jmxutils/1.18/jmxutils-1.18.jar
javax/mail/mail/1.4/mail-1.4.pom
javax/activation/activation/1.1/activation-1.1.pom
org/codehaus/janino/janino/2.6.1/janino-2.6.1.pom
org/codehaus/janino/janino-parent/2.6.1/janino-parent-2.6.1.pom
org/codehaus/codehaus-parent/4/codehaus-parent-4.pom
org/codehaus/janino/commons-compiler/2.6.1/commons-compiler-2.6.1.pom
org/codehaus/groovy/groovy-all/2.0.7/groovy-all-2.0.7.pom
org/apache/geronimo/specs/geronimo-jms_1.1_spec/1.0/geronimo-jms_1.1_spec-1.0.pom
javax/servlet/servlet-api/2.5/servlet-api-2.5.pom
org/fusesource/jansi/jansi/1.9/jansi-1.9.pom
org/fusesource/jansi/jansi-project/1.9/jansi-project-1.9.pom
org/fusesource/fusesource-pom/1.8/fusesource-pom-1.8.pom
com/google/inject/extensions/guice-multibindings/3.0/guice-multibindings-3.0.pom
com/google/inject/extensions/extensions-parent/3.0/extensions-parent-3.0.pom
com/fasterxml/jackson/core/jackson-annotations/2.4.2/jackson-annotations-2.4.2.pom
com/fasterxml/jackson/jackson-parent/2.4/jackson-parent-2.4.pom
com/fasterxml/oss-parent/16/oss-parent-16.pom
com/fasterxml/jackson/core/jackson-core/2.4.2/jackson-core-2.4.2.pom
com/fasterxml/jackson/core/jackson-databind/2.4.2/jackson-databind-2.4.2.pom
com/fasterxml/jackson/datatype/jackson-datatype-guava/2.4.2/jackson-datatype-guava-2.4.2.pom
com/fasterxml/jackson/datatype/jackson-datatype-joda/2.4.2/jackson-datatype-joda-2.4.2.pom
joda-time/joda-time/2.4/joda-time-2.4.pom
com/google/inject/extensions/guice-multibindings/3.0/guice-multibindings-3.0.jar com/fasterxml/jackson/core/jackson-annotations/2.4.2/jackson-annotations-2.4.2.jar com/fasterxml/jackson/core/jackson-core/2.4.2/jackson-core-2.4.2.jar com/fasterxml/jackson/core/jackson-databind/2.4.2/jackson-databind-2.4.2.jar com/fasterxml/jackson/datatype/jackson-datatype-guava/2.4.2/jackson-datatype-guava-2.4.2.jar com/fasterxml/jackson/datatype/jackson-datatype-joda/2.4.2/jackson-datatype-joda-2.4.2.jar joda-time/joda-time/2.4/joda-time-2.4.jar
com/fasterxml/jackson/core/jackson-annotations/2.4.0/jackson-annotations-2.4.0.pom
com/fasterxml/jackson/core/jackson-annotations/2.4.0/jackson-annotations-2.4.0.jar
com/google/guava/guava/15.0/guava-15.0.pom
com/google/guava/guava-parent/15.0/guava-parent-15.0.pom
com/google/guava/guava/15.0/guava-15.0.jar
joda-time/joda-time/2.2/joda-time-2.2.pom
joda-time/joda-time/2.2/joda-time-2.2.jar
org/joda/joda-convert/1.2/joda-convert-1.2.pom
io/airlift/slice/0.6/slice-0.6.pom
io/airlift/airbase/21/airbase-21.pom
org/openjdk/jol/jol-core/0.1/jol-core-0.1.pom
org/openjdk/jol/jol-parent/0.1/jol-parent-0.1.pom
org/openjdk/jmh/jmh-core/0.3/jmh-core-0.3.pom
org/openjdk/jmh/jmh-parent/0.3/jmh-parent-0.3.pom
net/sf/jopt-simple/jopt-simple/4.6/jopt-simple-4.6.pom
org/apache/commons/commons-math3/3.2/commons-math3-3.2.pom
org/apache/commons/commons-parent/28/commons-parent-28.pom
io/airlift/slice/0.6/slice-0.6.jar org/openjdk/jol/jol-core/0.1/jol-core-0.1.jar org/openjdk/jmh/jmh-core/0.3/jmh-core-0.3.jar net/sf/jopt-simple/jopt-simple/4.6/jopt-simple-4.6.jar org/apache/commons/commons-math3/3.2/commons-math3-3.2.jar
com/google/code/findbugs/annotations/2.0.2/annotations-2.0.2.pom
org/eclipse/jetty/jetty-client/9.2.2.v20140723/jetty-client-9.2.2.v20140723.pom
org/eclipse/jetty/jetty-project/9.2.2.v20140723/jetty-project-9.2.2.v20140723.pom
org/eclipse/jetty/jetty-parent/22/jetty-parent-22.pom
org/eclipse/jetty/jetty-http/9.2.2.v20140723/jetty-http-9.2.2.v20140723.pom
org/eclipse/jetty/jetty-util/9.2.2.v20140723/jetty-util-9.2.2.v20140723.pom
org/eclipse/jetty/jetty-io/9.2.2.v20140723/jetty-io-9.2.2.v20140723.pom
org/eclipse/jetty/jetty-server/9.2.2.v20140723/jetty-server-9.2.2.v20140723.pom
javax/servlet/javax.servlet-api/3.1.0/javax.servlet-api-3.1.0.pom
net/java/jvnet-parent/3/jvnet-parent-3.pom
org/eclipse/jetty/jetty-servlet/9.2.2.v20140723/jetty-servlet-9.2.2.v20140723.pom
org/eclipse/jetty/jetty-security/9.2.2.v20140723/jetty-security-9.2.2.v20140723.pom
org/eclipse/jetty/jetty-client/9.2.2.v20140723/jetty-client-9.2.2.v20140723.jar org/eclipse/jetty/jetty-io/9.2.2.v20140723/jetty-io-9.2.2.v20140723.jar org/eclipse/jetty/jetty-util/9.2.2.v20140723/jetty-util-9.2.2.v20140723.jar org/eclipse/jetty/jetty-http/9.2.2.v20140723/jetty-http-9.2.2.v20140723.jar org/eclipse/jetty/jetty-server/9.2.2.v20140723/jetty-server-9.2.2.v20140723.jar javax/servlet/javax.servlet-api/3.1.0/javax.servlet-api-3.1.0.jar org/eclipse/jetty/jetty-servlet/9.2.2.v20140723/jetty-servlet-9.2.2.v20140723.jar org/eclipse/jetty/jetty-security/9.2.2.v20140723/jetty-security-9.2.2.v20140723.jar
org/eclipse/jetty/jetty-jmx/9.2.2.v20140723/jetty-jmx-9.2.2.v20140723.pom
mysql/mysql-connector-java/5.1.23/mysql-connector-java-5.1.23.pom
com/h2database/h2/1.3.170/h2-1.3.170.pom
org/mockito/mockito-core/1.9.5/mockito-core-1.9.5.pom
org/hamcrest/hamcrest-core/1.3/hamcrest-core-1.3.pom
org/hamcrest/hamcrest-parent/1.3/hamcrest-parent-1.3.pom
org/objenesis/objenesis/1.3/objenesis-1.3.pom
org/objenesis/objenesis-parent/1.3/objenesis-parent-1.3.pom
mysql/mysql-connector-java/5.1.23/mysql-connector-java-5.1.23.jar com/h2database/h2/1.3.170/h2-1.3.170.jar org/mockito/mockito-core/1.9.5/mockito-core-1.9.5.jar org/hamcrest/hamcrest-core/1.3/hamcrest-core-1.3.jar org/objenesis/objenesis/1.3/objenesis-1.3.jar
org/hamcrest/hamcrest-core/1.1/hamcrest-core-1.1.pom
org/hamcrest/hamcrest-parent/1.1/hamcrest-parent-1.1.pom
org/objenesis/objenesis/1.0/objenesis-1.0.pom
org/hamcrest/hamcrest-core/1.1/hamcrest-core-1.1.jar
org/objenesis/objenesis/1.0/objenesis-1.0.jar
org/eclipse/jetty/jetty-servlets/9.2.2.v20140723/jetty-servlets-9.2.2.v20140723.pom
org/eclipse/jetty/jetty-continuation/9.2.2.v20140723/jetty-continuation-9.2.2.v20140723.pom
commons-codec/commons-codec/1.7/commons-codec-1.7.pom
org/apache/commons/commons-parent/26/commons-parent-26.pom
org/eclipse/jetty/jetty-servlets/9.2.2.v20140723/jetty-servlets-9.2.2.v20140723.jar org/eclipse/jetty/jetty-continuation/9.2.2.v20140723/jetty-continuation-9.2.2.v20140723.jar org/eclipse/jetty/jetty-jmx/9.2.2.v20140723/jetty-jmx-9.2.2.v20140723.jar commons-codec/commons-codec/1.7/commons-codec-1.7.jar
javax/ws/rs/javax.ws.rs-api/2.0.1/javax.ws.rs-api-2.0.1.pom
net/java/jvnet-parent/5/jvnet-parent-5.pom
org/glassfish/jersey/core/jersey-common/2.12/jersey-common-2.12.pom
org/glassfish/jersey/project/2.12/project-2.12.pom
net/java/jvnet-parent/4/jvnet-parent-4.pom
org/glassfish/hk2/hk2-bom/2.3.0-b10/hk2-bom-2.3.0-b10.pom
javax/annotation/javax.annotation-api/1.2/javax.annotation-api-1.2.pom
org/glassfish/jersey/bundles/repackaged/jersey-guava/2.12/jersey-guava-2.12.pom
org/glassfish/jersey/bundles/repackaged/project/2.12/project-2.12.pom
org/glassfish/jersey/bundles/project/2.12/project-2.12.pom
org/glassfish/hk2/hk2-api/2.3.0-b10/hk2-api-2.3.0-b10.pom
org/glassfish/hk2/hk2-parent/2.3.0-b10/hk2-parent-2.3.0-b10.pom
org/glassfish/hk2/hk2-utils/2.3.0-b10/hk2-utils-2.3.0-b10.pom
org/glassfish/hk2/hk2-locator/2.3.0-b10/hk2-locator-2.3.0-b10.pom
org/javassist/javassist/3.18.1-GA/javassist-3.18.1-GA.pom
org/glassfish/hk2/osgi-resource-locator/1.0.1/osgi-resource-locator-1.0.1.pom
org/glassfish/pom/8/pom-8.pom
org/glassfish/jersey/core/jersey-server/2.12/jersey-server-2.12.pom
org/glassfish/jersey/core/jersey-client/2.12/jersey-client-2.12.pom
org/glassfish/hk2/external/aopalliance-repackaged/2.3.0-b10/aopalliance-repackaged-2.3.0-b10.pom
org/glassfish/hk2/external/2.3.0-b10/external-2.3.0-b10.pom
org/glassfish/jersey/containers/jersey-container-servlet-core/2.12/jersey-container-servlet-core-2.12.pom
org/glassfish/jersey/containers/project/2.12/project-2.12.pom
com/fasterxml/jackson/dataformat/jackson-dataformat-smile/2.4.2/jackson-dataformat-smile-2.4.2.pom
javax/ws/rs/javax.ws.rs-api/2.0.1/javax.ws.rs-api-2.0.1.jar org/glassfish/jersey/core/jersey-common/2.12/jersey-common-2.12.jar javax/annotation/javax.annotation-api/1.2/javax.annotation-api-1.2.jar org/glassfish/jersey/bundles/repackaged/jersey-guava/2.12/jersey-guava-2.12.jar org/glassfish/hk2/hk2-api/2.3.0-b10/hk2-api-2.3.0-b10.jar org/glassfish/hk2/hk2-utils/2.3.0-b10/hk2-utils-2.3.0-b10.jar org/glassfish/hk2/hk2-locator/2.3.0-b10/hk2-locator-2.3.0-b10.jar org/javassist/javassist/3.18.1-GA/javassist-3.18.1-GA.jar org/glassfish/hk2/osgi-resource-locator/1.0.1/osgi-resource-locator-1.0.1.jar org/glassfish/jersey/core/jersey-server/2.12/jersey-server-2.12.jar org/glassfish/jersey/core/jersey-client/2.12/jersey-client-2.12.jar org/glassfish/jersey/containers/jersey-container-servlet-core/2.12/jersey-container-servlet-core-2.12.jar com/fasterxml/jackson/dataformat/jackson-dataformat-smile/2.4.2/jackson-dataformat-smile-2.4.2.jar
org/ow2/asm/asm-debug-all/5.0.2/asm-debug-all-5.0.2.pom
org/ow2/asm/asm-parent/5.0.2/asm-parent-5.0.2.pom
org/glassfish/hk2/external/aopalliance-repackaged/2.3.0-b10/aopalliance-repackaged-2.3.0-b10.jar
org/apache/maven/plugins/maven-assembly-plugin/2.4/maven-assembly-plugin-2.4.pom
org/apache/maven/plugins/maven-assembly-plugin/2.4/maven-assembly-plugin-2.4.jar
org/apache/maven/reporting/maven-reporting-api/2.2.1/maven-reporting-api-2.2.1.pom
org/apache/maven/reporting/maven-reporting/2.2.1/maven-reporting-2.2.1.pom
commons-cli/commons-cli/1.2/commons-cli-1.2.pom
org/apache/commons/commons-parent/11/commons-parent-11.pom
org/apache/maven/shared/file-management/1.1/file-management-1.1.pom
org/apache/maven/shared/maven-shared-components/4/maven-shared-components-4.pom
org/apache/maven/maven-parent/4/maven-parent-4.pom
org/apache/maven/shared/maven-shared-io/1.0/maven-shared-io-1.0.pom
org/codehaus/plexus/plexus-utils/1.2/plexus-utils-1.2.pom
org/codehaus/plexus/plexus/1.0.5/plexus-1.0.5.pom
org/apache/maven/shared/maven-repository-builder/1.0-alpha-2/maven-repository-builder-1.0-alpha-2.pom
org/apache/maven/maven-artifact/2.0.4/maven-artifact-2.0.4.pom
org/apache/maven/maven/2.0.4/maven-2.0.4.pom
org/apache/maven/maven-artifact-manager/2.0.4/maven-artifact-manager-2.0.4.pom
org/apache/maven/maven-repository-metadata/2.0.4/maven-repository-metadata-2.0.4.pom
org/apache/maven/maven-project/2.0.4/maven-project-2.0.4.pom
org/apache/maven/maven-settings/2.0.4/maven-settings-2.0.4.pom
org/apache/maven/maven-model/2.0.4/maven-model-2.0.4.pom
org/apache/maven/maven-profile/2.0.4/maven-profile-2.0.4.pom
org/apache/maven/shared/maven-common-artifact-filters/1.0-alpha-1/maven-common-artifact-filters-1.0-alpha-1.pom
org/apache/maven/shared/maven-shared-components/6/maven-shared-components-6.pom
org/slf4j/slf4j-jdk14/1.5.6/slf4j-jdk14-1.5.6.jar org/slf4j/slf4j-api/1.5.6/slf4j-api-1.5.6.jar org/slf4j/jcl-over-slf4j/1.5.6/jcl-over-slf4j-1.5.6.jar org/apache/maven/reporting/maven-reporting-api/2.2.1/maven-reporting-api-2.2.1.jar commons-cli/commons-cli/1.2/commons-cli-1.2.jar org/sonatype/plexus/plexus-sec-dispatcher/1.3/plexus-sec-dispatcher-1.3.jar org/sonatype/plexus/plexus-cipher/1.4/plexus-cipher-1.4.jar org/apache/maven/shared/file-management/1.1/file-management-1.1.jar org/apache/maven/shared/maven-repository-builder/1.0-alpha-2/maven-repository-builder-1.0-alpha-2.jar
org/codehaus/mojo/build-helper-maven-plugin/1.7/build-helper-maven-plugin-1.7.pom
org/codehaus/mojo/mojo-parent/28/mojo-parent-28.pom
org/codehaus/codehaus-parent/3/codehaus-parent-3.pom
org/codehaus/mojo/build-helper-maven-plugin/1.7/build-helper-maven-plugin-1.7.jar
org/apache/maven/plugins/maven-antrun-plugin/1.7/maven-antrun-plugin-1.7.pom
org/apache/maven/plugins/maven-antrun-plugin/1.7/maven-antrun-plugin-1.7.jar
org/apache/maven/plugins/maven-invoker-plugin/1.8/maven-invoker-plugin-1.8.pom
org/apache/maven/plugins/maven-invoker-plugin/1.8/maven-invoker-plugin-1.8.jar
org/apache/maven/maven-plugin-api/2.0.11/maven-plugin-api-2.0.11.pom
org/apache/maven/maven/2.0.11/maven-2.0.11.pom
org/apache/maven/maven-parent/12/maven-parent-12.pom
org/apache/maven/maven-project/2.0.11/maven-project-2.0.11.pom
org/apache/maven/maven-settings/2.0.11/maven-settings-2.0.11.pom
org/apache/maven/maven-model/2.0.11/maven-model-2.0.11.pom
org/apache/maven/maven-profile/2.0.11/maven-profile-2.0.11.pom
org/apache/maven/maven-artifact-manager/2.0.11/maven-artifact-manager-2.0.11.pom
org/apache/maven/maven-repository-metadata/2.0.11/maven-repository-metadata-2.0.11.pom
org/apache/maven/maven-artifact/2.0.11/maven-artifact-2.0.11.pom
org/apache/maven/maven-plugin-registry/2.0.11/maven-plugin-registry-2.0.11.pom
org/apache/ant/ant/1.8.2/ant-1.8.2.pom
org/apache/ant/ant-parent/1.8.2/ant-parent-1.8.2.pom
org/apache/ant/ant-launcher/1.8.2/ant-launcher-1.8.2.pom
org/apache/ant/ant/1.8.2/ant-1.8.2.jar org/apache/ant/ant-launcher/1.8.2/ant-launcher-1.8.2.jar
org/apache/maven/shared/maven-invoker/2.1.1/maven-invoker-2.1.1.pom
org/apache/maven/shared/maven-script-interpreter/1.1/maven-script-interpreter-1.1.pom
org/codehaus/groovy/groovy/2.0.1/groovy-2.0.1.pom
antlr/antlr/2.7.7/antlr-2.7.7.pom
org/ow2/asm/asm-tree/4.0/asm-tree-4.0.pom
org/ow2/asm/asm-parent/4.0/asm-parent-4.0.pom
org/ow2/asm/asm/4.0/asm-4.0.pom
org/ow2/asm/asm-commons/4.0/asm-commons-4.0.pom
org/ow2/asm/asm-util/4.0/asm-util-4.0.pom
org/ow2/asm/asm-analysis/4.0/asm-analysis-4.0.pom
org/apache/ant/ant/1.8.1/ant-1.8.1.pom
org/apache/ant/ant-parent/1.8.1/ant-parent-1.8.1.pom
org/apache/maven/doxia/doxia-sink-api/1.1.4/doxia-sink-api-1.1.4.pom
org/apache/maven/doxia/doxia/1.1.4/doxia-1.1.4.pom
org/apache/maven/doxia/doxia-logging-api/1.1.4/doxia-logging-api-1.1.4.pom
org/apache/maven/doxia/doxia-site-renderer/1.1.4/doxia-site-renderer-1.1.4.pom
org/apache/maven/doxia/doxia-sitetools/1.1.4/doxia-sitetools-1.1.4.pom
org/apache/maven/doxia/doxia-core/1.1.4/doxia-core-1.1.4.pom
xerces/xercesImpl/2.9.1/xercesImpl-2.9.1.pom
xml-apis/xml-apis/1.3.04/xml-apis-1.3.04.pom
org/apache/httpcomponents/httpclient/4.0.2/httpclient-4.0.2.pom
org/apache/httpcomponents/httpcomponents-client/4.0.2/httpcomponents-client-4.0.2.pom
org/apache/httpcomponents/project/4.1/project-4.1.pom
org/apache/httpcomponents/httpcore/4.0.1/httpcore-4.0.1.pom
org/apache/httpcomponents/httpcomponents-core/4.0.1/httpcomponents-core-4.0.1.pom
org/apache/httpcomponents/project/4.0/project-4.0.pom
commons-logging/commons-logging/1.1.1/commons-logging-1.1.1.pom
org/apache/commons/commons-parent/5/commons-parent-5.pom
commons-codec/commons-codec/1.3/commons-codec-1.3.pom
org/apache/maven/doxia/doxia-decoration-model/1.1.4/doxia-decoration-model-1.1.4.pom
org/apache/maven/doxia/doxia-module-xhtml/1.1.4/doxia-module-xhtml-1.1.4.pom
org/apache/maven/doxia/doxia-modules/1.1.4/doxia-modules-1.1.4.pom
org/apache/maven/doxia/doxia-module-fml/1.1.4/doxia-module-fml-1.1.4.pom
org/codehaus/groovy/groovy-all/2.0.1/groovy-all-2.0.1.pom
org/codehaus/plexus/plexus-interpolation/1.2/plexus-interpolation-1.2.pom
org/apache/maven/shared/maven-invoker/2.1.1/maven-invoker-2.1.1.jar org/apache/maven/shared/maven-script-interpreter/1.1/maven-script-interpreter-1.1.jar org/codehaus/groovy/groovy/2.0.1/groovy-2.0.1.jar antlr/antlr/2.7.7/antlr-2.7.7.jar org/ow2/asm/asm-tree/4.0/asm-tree-4.0.jar org/ow2/asm/asm-commons/4.0/asm-commons-4.0.jar org/ow2/asm/asm/4.0/asm-4.0.jar org/ow2/asm/asm-util/4.0/asm-util-4.0.jar org/ow2/asm/asm-analysis/4.0/asm-analysis-4.0.jar org/apache/maven/doxia/doxia-sink-api/1.1.4/doxia-sink-api-1.1.4.jar org/apache/maven/doxia/doxia-logging-api/1.1.4/doxia-logging-api-1.1.4.jar org/apache/maven/doxia/doxia-site-renderer/1.1.4/doxia-site-renderer-1.1.4.jar org/apache/maven/doxia/doxia-decoration-model/1.1.4/doxia-decoration-model-1.1.4.jar org/apache/maven/doxia/doxia-module-xhtml/1.1.4/doxia-module-xhtml-1.1.4.jar org/apache/maven/doxia/doxia-module-fml/1.1.4/doxia-module-fml-1.1.4.jar org/codehaus/groovy/groovy-all/2.0.1/groovy-all-2.0.1.jar org/apache/ant/ant/1.8.1/ant-1.8.1.jar org/codehaus/plexus/plexus-interpolation/1.2/plexus-interpolation-1.2.jar
