org/apache/maven/maven-parent/24/maven-parent-24.pom
org/apache/apache/14/apache-14.pom
org/apache/maven/plugins/maven-remote-resources-plugin/1.5/maven-remote-resources-plugin-1.5.pom
org/apache/maven/plugins/maven-plugins/24/maven-plugins-24.pom
org/apache/maven/maven-parent/23/maven-parent-23.pom
org/apache/apache/13/apache-13.pom
org/apache/maven/plugins/maven-remote-resources-plugin/1.5/maven-remote-resources-plugin-1.5.jar
org/apache/maven/plugins/maven-site-plugin/3.3/maven-site-plugin-3.3.pom
org/apache/maven/plugins/maven-site-plugin/3.3/maven-site-plugin-3.3.jar
org/apache/maven/plugins/maven-enforcer-plugin/1.3.1/maven-enforcer-plugin-1.3.1.pom
org/apache/maven/enforcer/enforcer/1.3.1/enforcer-1.3.1.pom
org/apache/maven/plugins/maven-enforcer-plugin/1.3.1/maven-enforcer-plugin-1.3.1.jar
org/apache/rat/apache-rat-plugin/0.10/apache-rat-plugin-0.10.pom
org/apache/rat/apache-rat-project/0.10/apache-rat-project-0.10.pom
org/apache/rat/apache-rat-plugin/0.10/apache-rat-plugin-0.10.jar
org/apache/maven/plugins/maven-clean-plugin/2.5/maven-clean-plugin-2.5.pom
org/apache/maven/plugins/maven-plugins/22/maven-plugins-22.pom
org/apache/maven/maven-parent/21/maven-parent-21.pom
org/apache/apache/10/apache-10.pom
org/apache/maven/plugins/maven-clean-plugin/2.5/maven-clean-plugin-2.5.jar
org/codehaus/mojo/animal-sniffer-maven-plugin/1.10/animal-sniffer-maven-plugin-1.10.pom
org/codehaus/mojo/animal-sniffer-parent/1.10/animal-sniffer-parent-1.10.pom
org/codehaus/mojo/mojo-parent/32/mojo-parent-32.pom
org/codehaus/codehaus-parent/4/codehaus-parent-4.pom
org/codehaus/mojo/animal-sniffer-maven-plugin/1.10/animal-sniffer-maven-plugin-1.10.jar
junit/junit/3.8.2/junit-3.8.2.pom
org/apache/maven/maven-plugin-api/2.0.6/maven-plugin-api-2.0.6.pom
org/apache/maven/maven/2.0.6/maven-2.0.6.pom
org/apache/maven/maven-parent/5/maven-parent-5.pom
org/apache/apache/3/apache-3.pom
org/codehaus/plexus/plexus-utils/3.0/plexus-utils-3.0.pom
org/sonatype/spice/spice-parent/16/spice-parent-16.pom
org/sonatype/forge/forge-parent/5/forge-parent-5.pom
org/codehaus/plexus/plexus-utils/3.0/plexus-utils-3.0.jar
org/codehaus/mojo/extra-enforcer-rules/1.0-beta-2/extra-enforcer-rules-1.0-beta-2.pom
org/apache/maven/enforcer/enforcer-api/1.3.1/enforcer-api-1.3.1.pom
org/apache/maven/maven-plugin-api/2.0.9/maven-plugin-api-2.0.9.pom
org/apache/maven/maven/2.0.9/maven-2.0.9.pom
org/apache/maven/maven-parent/8/maven-parent-8.pom
org/apache/apache/4/apache-4.pom
org/codehaus/plexus/plexus-container-default/1.0-alpha-9/plexus-container-default-1.0-alpha-9.pom
org/codehaus/plexus/plexus-containers/1.0.3/plexus-containers-1.0.3.pom
org/codehaus/plexus/plexus/1.0.4/plexus-1.0.4.pom
junit/junit/4.11/junit-4.11.pom
org/hamcrest/hamcrest-core/1.3/hamcrest-core-1.3.pom
org/hamcrest/hamcrest-parent/1.3/hamcrest-parent-1.3.pom
org/codehaus/plexus/plexus-utils/1.5.8/plexus-utils-1.5.8.pom
org/codehaus/plexus/plexus/2.0.2/plexus-2.0.2.pom
classworlds/classworlds/1.1-alpha-2/classworlds-1.1-alpha-2.pom
org/apache/maven/maven-project/2.0.9/maven-project-2.0.9.pom
org/apache/maven/maven-settings/2.0.9/maven-settings-2.0.9.pom
org/apache/maven/maven-model/2.0.9/maven-model-2.0.9.pom
org/codehaus/plexus/plexus-container-default/1.0-alpha-9-stable-1/plexus-container-default-1.0-alpha-9-stable-1.pom
org/apache/maven/maven-profile/2.0.9/maven-profile-2.0.9.pom
org/apache/maven/maven-artifact-manager/2.0.9/maven-artifact-manager-2.0.9.pom
org/apache/maven/maven-repository-metadata/2.0.9/maven-repository-metadata-2.0.9.pom
org/apache/maven/maven-artifact/2.0.9/maven-artifact-2.0.9.pom
org/apache/maven/maven-plugin-registry/2.0.9/maven-plugin-registry-2.0.9.pom
org/apache/maven/maven-core/2.0.9/maven-core-2.0.9.pom
org/apache/maven/maven-plugin-parameter-documenter/2.0.9/maven-plugin-parameter-documenter-2.0.9.pom
org/apache/maven/reporting/maven-reporting-api/2.0.9/maven-reporting-api-2.0.9.pom
org/apache/maven/reporting/maven-reporting/2.0.9/maven-reporting-2.0.9.pom
org/apache/maven/doxia/doxia-sink-api/1.0-alpha-10/doxia-sink-api-1.0-alpha-10.pom
org/apache/maven/doxia/doxia/1.0-alpha-10/doxia-1.0-alpha-10.pom
org/apache/maven/maven-parent/6/maven-parent-6.pom
org/apache/maven/maven-error-diagnostics/2.0.9/maven-error-diagnostics-2.0.9.pom
commons-cli/commons-cli/1.0/commons-cli-1.0.pom
org/apache/maven/maven-plugin-descriptor/2.0.9/maven-plugin-descriptor-2.0.9.pom
org/codehaus/plexus/plexus-interactivity-api/1.0-alpha-4/plexus-interactivity-api-1.0-alpha-4.pom
org/apache/maven/maven-monitor/2.0.9/maven-monitor-2.0.9.pom
classworlds/classworlds/1.1/classworlds-1.1.pom
org/apache/maven/shared/maven-dependency-tree/2.1/maven-dependency-tree-2.1.pom
org/apache/maven/shared/maven-shared-components/19/maven-shared-components-19.pom
org/codehaus/plexus/plexus-component-annotations/1.5.5/plexus-component-annotations-1.5.5.pom
org/codehaus/plexus/plexus-containers/1.5.5/plexus-containers-1.5.5.pom
org/codehaus/plexus/plexus/2.0.7/plexus-2.0.7.pom
org/eclipse/aether/aether-util/0.9.0.M2/aether-util-0.9.0.M2.pom
org/eclipse/aether/aether/0.9.0.M2/aether-0.9.0.M2.pom
org/apache/maven/shared/maven-common-artifact-filters/1.4/maven-common-artifact-filters-1.4.pom
org/apache/maven/shared/maven-shared-components/17/maven-shared-components-17.pom
org/apache/maven/maven-model/2.0.8/maven-model-2.0.8.pom
org/apache/maven/maven/2.0.8/maven-2.0.8.pom
org/codehaus/plexus/plexus-container-default/1.5.5/plexus-container-default-1.5.5.pom
org/codehaus/plexus/plexus-classworlds/2.2.2/plexus-classworlds-2.2.2.pom
org/codehaus/plexus/plexus/2.0.3/plexus-2.0.3.pom
org/apache/xbean/xbean-reflect/3.4/xbean-reflect-3.4.pom
org/apache/xbean/xbean/3.4/xbean-3.4.pom
log4j/log4j/1.2.12/log4j-1.2.12.pom
commons-logging/commons-logging-api/1.1/commons-logging-api-1.1.pom
com/google/collections/google-collections/1.0/google-collections-1.0.pom
com/google/google/1/google-1.pom
commons-lang/commons-lang/2.3/commons-lang-2.3.pom
org/apache/maven/enforcer/enforcer-rules/1.3.1/enforcer-rules-1.3.1.pom
org/beanshell/bsh/2.0b4/bsh-2.0b4.pom
org/beanshell/beanshell/2.0b4/beanshell-2.0b4.pom
org/codehaus/plexus/plexus-i18n/1.0-beta-6/plexus-i18n-1.0-beta-6.pom
org/codehaus/plexus/plexus-components/1.1.4/plexus-components-1.1.4.pom
org/codehaus/plexus/plexus-container-default/1.0-alpha-8/plexus-container-default-1.0-alpha-8.pom
org/codehaus/mojo/extra-enforcer-rules/1.0-beta-2/extra-enforcer-rules-1.0-beta-2.jar org/apache/maven/shared/maven-dependency-tree/2.1/maven-dependency-tree-2.1.jar org/codehaus/plexus/plexus-component-annotations/1.5.5/plexus-component-annotations-1.5.5.jar org/eclipse/aether/aether-util/0.9.0.M2/aether-util-0.9.0.M2.jar org/apache/maven/shared/maven-common-artifact-filters/1.4/maven-common-artifact-filters-1.4.jar org/apache/maven/reporting/maven-reporting-api/2.0.9/maven-reporting-api-2.0.9.jar org/apache/maven/doxia/doxia-sink-api/1.0-alpha-10/doxia-sink-api-1.0-alpha-10.jar commons-cli/commons-cli/1.0/commons-cli-1.0.jar org/codehaus/plexus/plexus-interactivity-api/1.0-alpha-4/plexus-interactivity-api-1.0-alpha-4.jar org/codehaus/plexus/plexus-utils/1.5.8/plexus-utils-1.5.8.jar commons-lang/commons-lang/2.3/commons-lang-2.3.jar org/apache/maven/enforcer/enforcer-api/1.3.1/enforcer-api-1.3.1.jar org/apache/maven/enforcer/enforcer-rules/1.3.1/enforcer-rules-1.3.1.jar org/beanshell/bsh/2.0b4/bsh-2.0b4.jar org/codehaus/plexus/plexus-i18n/1.0-beta-6/plexus-i18n-1.0-beta-6.jar
junit/junit/3.8.2/junit-3.8.2.jar
org/apache/rat/apache-rat-core/0.10/apache-rat-core-0.10.pom
commons-collections/commons-collections/3.2.1/commons-collections-3.2.1.pom
org/apache/commons/commons-parent/9/commons-parent-9.pom
commons-lang/commons-lang/2.6/commons-lang-2.6.pom
org/apache/commons/commons-parent/17/commons-parent-17.pom
org/apache/apache/7/apache-7.pom
commons-io/commons-io/2.2/commons-io-2.2.pom
org/apache/commons/commons-parent/24/commons-parent-24.pom
org/apache/apache/9/apache-9.pom
org/apache/commons/commons-compress/1.5/commons-compress-1.5.pom
org/apache/commons/commons-parent/28/commons-parent-28.pom
commons-cli/commons-cli/1.2/commons-cli-1.2.pom
org/apache/commons/commons-parent/11/commons-parent-11.pom
org/apache/maven/maven-artifact/2.2.1/maven-artifact-2.2.1.pom
org/apache/maven/maven/2.2.1/maven-2.2.1.pom
org/apache/maven/maven-parent/11/maven-parent-11.pom
org/apache/apache/5/apache-5.pom
org/codehaus/plexus/plexus-utils/1.5.15/plexus-utils-1.5.15.pom
org/apache/maven/maven-artifact-manager/2.2.1/maven-artifact-manager-2.2.1.pom
org/apache/maven/maven-repository-metadata/2.2.1/maven-repository-metadata-2.2.1.pom
org/codehaus/plexus/plexus-utils/1.0.4/plexus-utils-1.0.4.pom
backport-util-concurrent/backport-util-concurrent/3.1/backport-util-concurrent-3.1.pom
org/apache/maven/maven-plugin-api/2.2.1/maven-plugin-api-2.2.1.pom
org/apache/maven/maven-project/2.2.1/maven-project-2.2.1.pom
org/apache/maven/maven-settings/2.2.1/maven-settings-2.2.1.pom
org/apache/maven/maven-model/2.2.1/maven-model-2.2.1.pom
org/codehaus/plexus/plexus-interpolation/1.11/plexus-interpolation-1.11.pom
org/codehaus/plexus/plexus-components/1.1.14/plexus-components-1.1.14.pom
org/apache/maven/maven-profile/2.2.1/maven-profile-2.2.1.pom
org/apache/maven/maven-plugin-registry/2.2.1/maven-plugin-registry-2.2.1.pom
org/apache/maven/doxia/doxia-core/1.2/doxia-core-1.2.pom
org/apache/maven/doxia/doxia/1.2/doxia-1.2.pom
org/apache/maven/maven-parent/19/maven-parent-19.pom
org/apache/maven/doxia/doxia-sink-api/1.2/doxia-sink-api-1.2.pom
org/apache/maven/doxia/doxia-logging-api/1.2/doxia-logging-api-1.2.pom
org/codehaus/plexus/plexus-container-default/1.0-alpha-30/plexus-container-default-1.0-alpha-30.pom
org/codehaus/plexus/plexus-containers/1.0-alpha-30/plexus-containers-1.0-alpha-30.pom
org/codehaus/plexus/plexus/1.0.11/plexus-1.0.11.pom
org/codehaus/plexus/plexus-utils/1.4.5/plexus-utils-1.4.5.pom
org/codehaus/plexus/plexus-classworlds/1.2-alpha-9/plexus-classworlds-1.2-alpha-9.pom
org/codehaus/plexus/plexus/1.0.10/plexus-1.0.10.pom
org/codehaus/plexus/plexus-utils/2.0.5/plexus-utils-2.0.5.pom
org/codehaus/plexus/plexus/2.0.6/plexus-2.0.6.pom
xerces/xercesImpl/2.9.1/xercesImpl-2.9.1.pom
xml-apis/xml-apis/1.3.04/xml-apis-1.3.04.pom
org/apache/httpcomponents/httpclient/4.0.2/httpclient-4.0.2.pom
org/apache/httpcomponents/httpcomponents-client/4.0.2/httpcomponents-client-4.0.2.pom
org/apache/httpcomponents/project/4.1/project-4.1.pom
org/apache/httpcomponents/httpcore/4.0.1/httpcore-4.0.1.pom
org/apache/httpcomponents/httpcomponents-core/4.0.1/httpcomponents-core-4.0.1.pom
org/apache/httpcomponents/project/4.0/project-4.0.pom
commons-logging/commons-logging/1.1.1/commons-logging-1.1.1.pom
org/apache/commons/commons-parent/5/commons-parent-5.pom
commons-codec/commons-codec/1.3/commons-codec-1.3.pom
org/apache/maven/doxia/doxia-decoration-model/1.2/doxia-decoration-model-1.2.pom
org/apache/maven/doxia/doxia-sitetools/1.2/doxia-sitetools-1.2.pom
org/apache/maven/doxia/doxia-site-renderer/1.2/doxia-site-renderer-1.2.pom
org/apache/maven/doxia/doxia-module-xhtml/1.2/doxia-module-xhtml-1.2.pom
org/apache/maven/doxia/doxia-modules/1.2/doxia-modules-1.2.pom
org/apache/maven/doxia/doxia-module-fml/1.2/doxia-module-fml-1.2.pom
org/codehaus/plexus/plexus-i18n/1.0-beta-7/plexus-i18n-1.0-beta-7.pom
org/codehaus/plexus/plexus-components/1.1.12/plexus-components-1.1.12.pom
org/codehaus/plexus/plexus-utils/1.4.1/plexus-utils-1.4.1.pom
org/codehaus/plexus/plexus-velocity/1.1.7/plexus-velocity-1.1.7.pom
org/codehaus/plexus/plexus-container-default/1.0-alpha-20/plexus-container-default-1.0-alpha-20.pom
org/codehaus/plexus/plexus-containers/1.0-alpha-20/plexus-containers-1.0-alpha-20.pom
org/codehaus/plexus/plexus-utils/1.3/plexus-utils-1.3.pom
org/codehaus/plexus/plexus/1.0.8/plexus-1.0.8.pom
org/codehaus/plexus/plexus-classworlds/1.2-alpha-7/plexus-classworlds-1.2-alpha-7.pom
org/codehaus/plexus/plexus/1.0.9/plexus-1.0.9.pom
org/apache/velocity/velocity/1.5/velocity-1.5.pom
oro/oro/2.0.8/oro-2.0.8.pom
org/apache/maven/reporting/maven-reporting-api/3.0/maven-reporting-api-3.0.pom
org/apache/maven/shared/maven-shared-components/15/maven-shared-components-15.pom
org/apache/maven/maven-parent/16/maven-parent-16.pom
org/apache/maven/doxia/doxia-sink-api/1.0/doxia-sink-api-1.0.pom
org/apache/maven/doxia/doxia/1.0/doxia-1.0.pom
org/apache/maven/maven-parent/10/maven-parent-10.pom
org/apache/maven/shared/maven-plugin-testing-harness/1.1/maven-plugin-testing-harness-1.1.pom
org/apache/maven/shared/maven-shared-components/7/maven-shared-components-7.pom
org/apache/maven/maven-project/2.0/maven-project-2.0.pom
org/apache/maven/maven/2.0/maven-2.0.pom
org/apache/maven/maven-profile/2.0/maven-profile-2.0.pom
org/apache/maven/maven-model/2.0/maven-model-2.0.pom
org/apache/maven/maven-artifact-manager/2.0/maven-artifact-manager-2.0.pom
org/apache/maven/maven-repository-metadata/2.0/maven-repository-metadata-2.0.pom
org/apache/maven/maven-artifact/2.0/maven-artifact-2.0.pom
org/apache/maven/maven-core/2.0/maven-core-2.0.pom
org/apache/maven/maven-settings/2.0/maven-settings-2.0.pom
org/apache/maven/maven-plugin-parameter-documenter/2.0/maven-plugin-parameter-documenter-2.0.pom
org/apache/maven/reporting/maven-reporting-api/2.0/maven-reporting-api-2.0.pom
org/apache/maven/reporting/maven-reporting/2.0/maven-reporting-2.0.pom
doxia/doxia-sink-api/1.0-alpha-4/doxia-sink-api-1.0-alpha-4.pom
org/apache/maven/maven-error-diagnostics/2.0/maven-error-diagnostics-2.0.pom
org/apache/maven/maven-plugin-registry/2.0/maven-plugin-registry-2.0.pom
org/apache/maven/maven-plugin-api/2.0/maven-plugin-api-2.0.pom
org/apache/maven/maven-plugin-descriptor/2.0/maven-plugin-descriptor-2.0.pom
org/apache/maven/maven-monitor/2.0/maven-monitor-2.0.pom
org/codehaus/plexus/plexus-utils/1.4.2/plexus-utils-1.4.2.pom
org/codehaus/plexus/plexus-archiver/1.0-alpha-7/plexus-archiver-1.0-alpha-7.pom
org/codehaus/plexus/plexus-components/1.1.6/plexus-components-1.1.6.pom
org/codehaus/plexus/plexus-utils/1.2/plexus-utils-1.2.pom
org/codehaus/plexus/plexus/1.0.5/plexus-1.0.5.pom
org/codehaus/plexus/plexus-utils/3.0.8/plexus-utils-3.0.8.pom
org/codehaus/plexus/plexus/3.2/plexus-3.2.pom
org/sonatype/spice/spice-parent/17/spice-parent-17.pom
org/sonatype/forge/forge-parent/10/forge-parent-10.pom
org/apache/rat/apache-rat-core/0.10/apache-rat-core-0.10.jar commons-collections/commons-collections/3.2.1/commons-collections-3.2.1.jar commons-lang/commons-lang/2.6/commons-lang-2.6.jar commons-io/commons-io/2.2/commons-io-2.2.jar org/apache/commons/commons-compress/1.5/commons-compress-1.5.jar commons-cli/commons-cli/1.2/commons-cli-1.2.jar backport-util-concurrent/backport-util-concurrent/3.1/backport-util-concurrent-3.1.jar org/codehaus/plexus/plexus-interpolation/1.11/plexus-interpolation-1.11.jar org/apache/maven/doxia/doxia-core/1.2/doxia-core-1.2.jar org/apache/maven/doxia/doxia-logging-api/1.2/doxia-logging-api-1.2.jar xerces/xercesImpl/2.9.1/xercesImpl-2.9.1.jar xml-apis/xml-apis/1.3.04/xml-apis-1.3.04.jar org/apache/httpcomponents/httpclient/4.0.2/httpclient-4.0.2.jar org/apache/httpcomponents/httpcore/4.0.1/httpcore-4.0.1.jar commons-logging/commons-logging/1.1.1/commons-logging-1.1.1.jar commons-codec/commons-codec/1.3/commons-codec-1.3.jar org/apache/maven/doxia/doxia-decoration-model/1.2/doxia-decoration-model-1.2.jar org/apache/maven/doxia/doxia-sink-api/1.2/doxia-sink-api-1.2.jar org/apache/maven/doxia/doxia-site-renderer/1.2/doxia-site-renderer-1.2.jar org/apache/maven/doxia/doxia-module-xhtml/1.2/doxia-module-xhtml-1.2.jar org/apache/maven/doxia/doxia-module-fml/1.2/doxia-module-fml-1.2.jar org/codehaus/plexus/plexus-i18n/1.0-beta-7/plexus-i18n-1.0-beta-7.jar org/codehaus/plexus/plexus-velocity/1.1.7/plexus-velocity-1.1.7.jar org/apache/velocity/velocity/1.5/velocity-1.5.jar oro/oro/2.0.8/oro-2.0.8.jar org/apache/maven/reporting/maven-reporting-api/3.0/maven-reporting-api-3.0.jar org/apache/maven/shared/maven-plugin-testing-harness/1.1/maven-plugin-testing-harness-1.1.jar org/codehaus/plexus/plexus-archiver/1.0-alpha-7/plexus-archiver-1.0-alpha-7.jar org/codehaus/plexus/plexus-utils/3.0.8/plexus-utils-3.0.8.jar
org/apache/maven/maven-core/2.2.1/maven-core-2.2.1.pom
junit/junit/3.8.1/junit-3.8.1.pom
org/apache/maven/maven-plugin-parameter-documenter/2.2.1/maven-plugin-parameter-documenter-2.2.1.pom
org/slf4j/slf4j-jdk14/1.5.6/slf4j-jdk14-1.5.6.pom
org/slf4j/slf4j-parent/1.5.6/slf4j-parent-1.5.6.pom
org/slf4j/slf4j-api/1.5.6/slf4j-api-1.5.6.pom
org/slf4j/jcl-over-slf4j/1.5.6/jcl-over-slf4j-1.5.6.pom
org/apache/maven/reporting/maven-reporting-api/2.2.1/maven-reporting-api-2.2.1.pom
org/apache/maven/reporting/maven-reporting/2.2.1/maven-reporting-2.2.1.pom
org/apache/maven/doxia/doxia-sink-api/1.1/doxia-sink-api-1.1.pom
org/apache/maven/doxia/doxia/1.1/doxia-1.1.pom
org/apache/maven/doxia/doxia-logging-api/1.1/doxia-logging-api-1.1.pom
org/apache/maven/maven-error-diagnostics/2.2.1/maven-error-diagnostics-2.2.1.pom
org/apache/maven/maven-plugin-descriptor/2.2.1/maven-plugin-descriptor-2.2.1.pom
org/apache/maven/maven-monitor/2.2.1/maven-monitor-2.2.1.pom
org/sonatype/plexus/plexus-sec-dispatcher/1.3/plexus-sec-dispatcher-1.3.pom
org/sonatype/spice/spice-parent/12/spice-parent-12.pom
org/sonatype/forge/forge-parent/4/forge-parent-4.pom
org/codehaus/plexus/plexus-utils/1.5.5/plexus-utils-1.5.5.pom
org/sonatype/plexus/plexus-cipher/1.4/plexus-cipher-1.4.pom
org/apache/maven/shared/maven-artifact-resolver/1.0/maven-artifact-resolver-1.0.pom
org/apache/maven/shared/maven-shared-components/12/maven-shared-components-12.pom
org/apache/maven/maven-parent/13/maven-parent-13.pom
org/apache/apache/6/apache-6.pom
org/apache/maven/maven-artifact/2.0.8/maven-artifact-2.0.8.pom
org/codehaus/plexus/plexus-utils/1.4.6/plexus-utils-1.4.6.pom
org/apache/maven/maven-project/2.0.8/maven-project-2.0.8.pom
org/apache/maven/maven-settings/2.0.8/maven-settings-2.0.8.pom
org/apache/maven/maven-profile/2.0.8/maven-profile-2.0.8.pom
org/apache/maven/maven-artifact-manager/2.0.8/maven-artifact-manager-2.0.8.pom
org/apache/maven/maven-repository-metadata/2.0.8/maven-repository-metadata-2.0.8.pom
org/apache/maven/maven-plugin-registry/2.0.8/maven-plugin-registry-2.0.8.pom
org/apache/maven/maven-plugin-api/2.0.8/maven-plugin-api-2.0.8.pom
org/codehaus/plexus/plexus-utils/2.1/plexus-utils-2.1.pom
org/apache/maven/shared/maven-filtering/1.1/maven-filtering-1.1.pom
org/apache/maven/maven-project/2.0.6/maven-project-2.0.6.pom
org/apache/maven/maven-settings/2.0.6/maven-settings-2.0.6.pom
org/apache/maven/maven-model/2.0.6/maven-model-2.0.6.pom
org/apache/maven/maven-profile/2.0.6/maven-profile-2.0.6.pom
org/apache/maven/maven-artifact-manager/2.0.6/maven-artifact-manager-2.0.6.pom
org/apache/maven/maven-repository-metadata/2.0.6/maven-repository-metadata-2.0.6.pom
org/apache/maven/maven-artifact/2.0.6/maven-artifact-2.0.6.pom
org/apache/maven/maven-plugin-registry/2.0.6/maven-plugin-registry-2.0.6.pom
org/apache/maven/maven-core/2.0.6/maven-core-2.0.6.pom
org/apache/maven/maven-plugin-parameter-documenter/2.0.6/maven-plugin-parameter-documenter-2.0.6.pom
org/apache/maven/reporting/maven-reporting-api/2.0.6/maven-reporting-api-2.0.6.pom
org/apache/maven/reporting/maven-reporting/2.0.6/maven-reporting-2.0.6.pom
org/apache/maven/doxia/doxia-sink-api/1.0-alpha-7/doxia-sink-api-1.0-alpha-7.pom
org/apache/maven/doxia/doxia/1.0-alpha-7/doxia-1.0-alpha-7.pom
org/apache/maven/maven-error-diagnostics/2.0.6/maven-error-diagnostics-2.0.6.pom
org/apache/maven/maven-plugin-descriptor/2.0.6/maven-plugin-descriptor-2.0.6.pom
org/apache/maven/maven-monitor/2.0.6/maven-monitor-2.0.6.pom
org/codehaus/plexus/plexus-interpolation/1.12/plexus-interpolation-1.12.pom
org/sonatype/plexus/plexus-build-api/0.0.4/plexus-build-api-0.0.4.pom
org/sonatype/spice/spice-parent/10/spice-parent-10.pom
org/sonatype/forge/forge-parent/3/forge-parent-3.pom
org/codehaus/plexus/plexus-resources/1.0-alpha-7/plexus-resources-1.0-alpha-7.pom
org/codehaus/plexus/plexus-components/1.1.17/plexus-components-1.1.17.pom
org/codehaus/plexus/plexus/2.0.5/plexus-2.0.5.pom
org/apache/velocity/velocity/1.7/velocity-1.7.pom
commons-lang/commons-lang/2.4/commons-lang-2.4.pom
org/slf4j/slf4j-jdk14/1.5.6/slf4j-jdk14-1.5.6.jar org/slf4j/slf4j-api/1.5.6/slf4j-api-1.5.6.jar org/slf4j/jcl-over-slf4j/1.5.6/jcl-over-slf4j-1.5.6.jar org/apache/maven/reporting/maven-reporting-api/2.2.1/maven-reporting-api-2.2.1.jar org/apache/maven/doxia/doxia-sink-api/1.1/doxia-sink-api-1.1.jar org/apache/maven/doxia/doxia-logging-api/1.1/doxia-logging-api-1.1.jar junit/junit/3.8.1/junit-3.8.1.jar org/sonatype/plexus/plexus-sec-dispatcher/1.3/plexus-sec-dispatcher-1.3.jar org/sonatype/plexus/plexus-cipher/1.4/plexus-cipher-1.4.jar org/apache/maven/shared/maven-artifact-resolver/1.0/maven-artifact-resolver-1.0.jar org/apache/maven/shared/maven-filtering/1.1/maven-filtering-1.1.jar org/sonatype/plexus/plexus-build-api/0.0.4/plexus-build-api-0.0.4.jar org/codehaus/plexus/plexus-resources/1.0-alpha-7/plexus-resources-1.0-alpha-7.jar org/codehaus/plexus/plexus-interpolation/1.12/plexus-interpolation-1.12.jar org/codehaus/plexus/plexus-utils/1.5.15/plexus-utils-1.5.15.jar org/apache/velocity/velocity/1.7/velocity-1.7.jar commons-lang/commons-lang/2.4/commons-lang-2.4.jar
org/apache/apache-jar-resource-bundle/1.4/apache-jar-resource-bundle-1.4.jar
org/codehaus/mojo/animal-sniffer/1.10/animal-sniffer-1.10.pom
org/ow2/asm/asm-all/4.0/asm-all-4.0.pom
org/ow2/asm/asm-parent/4.0/asm-parent-4.0.pom
org/ow2/ow2/1.3/ow2-1.3.pom
org/codehaus/mojo/java-boot-classpath-detector/1.10/java-boot-classpath-detector-1.10.pom
org/apache/maven/maven-plugin-api/2.0.1/maven-plugin-api-2.0.1.pom
org/apache/maven/maven/2.0.1/maven-2.0.1.pom
org/apache/maven/maven-core/2.0.1/maven-core-2.0.1.pom
org/apache/maven/maven-settings/2.0.1/maven-settings-2.0.1.pom
org/apache/maven/maven-model/2.0.1/maven-model-2.0.1.pom
org/codehaus/plexus/plexus-utils/1.0.5/plexus-utils-1.0.5.pom
org/apache/maven/maven-plugin-parameter-documenter/2.0.1/maven-plugin-parameter-documenter-2.0.1.pom
org/apache/maven/reporting/maven-reporting-api/2.0.1/maven-reporting-api-2.0.1.pom
org/apache/maven/reporting/maven-reporting/2.0.1/maven-reporting-2.0.1.pom
org/apache/maven/doxia/doxia-sink-api/1.0-alpha-6/doxia-sink-api-1.0-alpha-6.pom
org/apache/maven/doxia/doxia/1.0-alpha-6/doxia-1.0-alpha-6.pom
org/apache/maven/maven-profile/2.0.1/maven-profile-2.0.1.pom
org/apache/maven/maven-artifact/2.0.1/maven-artifact-2.0.1.pom
org/apache/maven/maven-repository-metadata/2.0.1/maven-repository-metadata-2.0.1.pom
org/apache/maven/maven-error-diagnostics/2.0.1/maven-error-diagnostics-2.0.1.pom
org/apache/maven/maven-project/2.0.1/maven-project-2.0.1.pom
org/apache/maven/maven-artifact-manager/2.0.1/maven-artifact-manager-2.0.1.pom
org/apache/maven/maven-plugin-registry/2.0.1/maven-plugin-registry-2.0.1.pom
org/apache/maven/maven-plugin-descriptor/2.0.1/maven-plugin-descriptor-2.0.1.pom
org/apache/maven/maven-monitor/2.0.1/maven-monitor-2.0.1.pom
org/apache/maven/maven-toolchain/2.2.1/maven-toolchain-2.2.1.pom
org/apache/maven/shared/maven-common-artifact-filters/1.2/maven-common-artifact-filters-1.2.pom
org/apache/maven/shared/maven-shared-components/11/maven-shared-components-11.pom
org/codehaus/plexus/plexus-utils/1.4.9/plexus-utils-1.4.9.pom
org/codehaus/plexus/plexus-utils/1.5.6/plexus-utils-1.5.6.pom
org/codehaus/plexus/plexus/1.0.12/plexus-1.0.12.pom
org/codehaus/mojo/animal-sniffer/1.10/animal-sniffer-1.10.jar org/ow2/asm/asm-all/4.0/asm-all-4.0.jar org/codehaus/mojo/java-boot-classpath-detector/1.10/java-boot-classpath-detector-1.10.jar org/apache/maven/reporting/maven-reporting-api/2.0.1/maven-reporting-api-2.0.1.jar org/apache/maven/doxia/doxia-sink-api/1.0-alpha-6/doxia-sink-api-1.0-alpha-6.jar org/apache/maven/shared/maven-common-artifact-filters/1.2/maven-common-artifact-filters-1.2.jar org/codehaus/plexus/plexus-utils/1.5.6/plexus-utils-1.5.6.jar
org/codehaus/mojo/signature/java16/1.1/java16-1.1.signature
org/apache/maven/doxia/doxia-module-markdown/1.5/doxia-module-markdown-1.5.pom
org/apache/maven/doxia/doxia-modules/1.5/doxia-modules-1.5.pom
org/apache/maven/doxia/doxia/1.5/doxia-1.5.pom
org/pegdown/pegdown/1.2.1/pegdown-1.2.1.pom
org/parboiled/parboiled-java/1.1.4/parboiled-java-1.1.4.pom
org/parboiled/parboiled-core/1.1.4/parboiled-core-1.1.4.pom
org/ow2/asm/asm/4.1/asm-4.1.pom
org/ow2/asm/asm-parent/4.1/asm-parent-4.1.pom
org/ow2/asm/asm-tree/4.1/asm-tree-4.1.pom
org/ow2/asm/asm-analysis/4.1/asm-analysis-4.1.pom
org/ow2/asm/asm-util/4.1/asm-util-4.1.pom
org/apache/maven/doxia/doxia-module-xhtml/1.5/doxia-module-xhtml-1.5.pom
org/codehaus/plexus/plexus-utils/3.0.10/plexus-utils-3.0.10.pom
org/codehaus/plexus/plexus/3.3/plexus-3.3.pom
org/apache/maven/doxia/doxia-core/1.5/doxia-core-1.5.pom
org/apache/maven/doxia/doxia-sink-api/1.5/doxia-sink-api-1.5.pom
org/apache/maven/doxia/doxia-logging-api/1.5/doxia-logging-api-1.5.pom
org/apache/maven/reporting/maven-reporting-exec/1.1/maven-reporting-exec-1.1.pom
org/apache/maven/maven-artifact/3.0/maven-artifact-3.0.pom
org/apache/maven/maven/3.0/maven-3.0.pom
org/apache/maven/maven-parent/15/maven-parent-15.pom
org/codehaus/plexus/plexus-utils/2.0.4/plexus-utils-2.0.4.pom
org/apache/maven/maven-core/3.0/maven-core-3.0.pom
org/apache/maven/maven-model/3.0/maven-model-3.0.pom
org/apache/maven/maven-settings/3.0/maven-settings-3.0.pom
org/apache/maven/maven-settings-builder/3.0/maven-settings-builder-3.0.pom
org/codehaus/plexus/plexus-interpolation/1.14/plexus-interpolation-1.14.pom
org/codehaus/plexus/plexus-components/1.1.18/plexus-components-1.1.18.pom
org/apache/maven/maven-repository-metadata/3.0/maven-repository-metadata-3.0.pom
org/apache/maven/maven-plugin-api/3.0/maven-plugin-api-3.0.pom
org/sonatype/sisu/sisu-inject-plexus/1.4.2/sisu-inject-plexus-1.4.2.pom
org/sonatype/sisu/inject/guice-plexus/1.4.2/guice-plexus-1.4.2.pom
org/sonatype/sisu/inject/guice-bean/1.4.2/guice-bean-1.4.2.pom
org/sonatype/sisu/sisu-inject/1.4.2/sisu-inject-1.4.2.pom
org/sonatype/sisu/sisu-parent/1.4.2/sisu-parent-1.4.2.pom
org/sonatype/forge/forge-parent/6/forge-parent-6.pom
org/codehaus/plexus/plexus-classworlds/2.2.3/plexus-classworlds-2.2.3.pom
org/sonatype/sisu/sisu-inject-bean/1.4.2/sisu-inject-bean-1.4.2.pom
org/sonatype/sisu/sisu-guice/2.1.7/sisu-guice-2.1.7.pom
org/apache/maven/maven-model-builder/3.0/maven-model-builder-3.0.pom
org/apache/maven/maven-aether-provider/3.0/maven-aether-provider-3.0.pom
org/sonatype/aether/aether-util/1.7/aether-util-1.7.pom
org/sonatype/aether/aether-parent/1.7/aether-parent-1.7.pom
org/apache/maven/shared/maven-shared-utils/0.3/maven-shared-utils-0.3.pom
org/apache/maven/shared/maven-shared-components/18/maven-shared-components-18.pom
org/apache/maven/maven-parent/22/maven-parent-22.pom
org/apache/apache/11/apache-11.pom
com/google/code/findbugs/jsr305/2.0.1/jsr305-2.0.1.pom
org/sonatype/aether/aether-api/1.7/aether-api-1.7.pom
org/sonatype/aether/aether-impl/1.7/aether-impl-1.7.pom
org/sonatype/aether/aether-spi/1.7/aether-spi-1.7.pom
org/apache/maven/maven-archiver/2.4.2/maven-archiver-2.4.2.pom
org/apache/maven/shared/maven-shared-components/16/maven-shared-components-16.pom
org/codehaus/plexus/plexus-archiver/2.0.1/plexus-archiver-2.0.1.pom
org/codehaus/plexus/plexus-io/2.0.1/plexus-io-2.0.1.pom
org/codehaus/plexus/plexus-components/1.1.19/plexus-components-1.1.19.pom
org/codehaus/plexus/plexus/3.0.1/plexus-3.0.1.pom
org/codehaus/plexus/plexus-interpolation/1.13/plexus-interpolation-1.13.pom
org/codehaus/plexus/plexus-components/1.1.15/plexus-components-1.1.15.pom
org/apache/maven/doxia/doxia-sink-api/1.4/doxia-sink-api-1.4.pom
org/apache/maven/doxia/doxia/1.4/doxia-1.4.pom
org/apache/maven/doxia/doxia-logging-api/1.4/doxia-logging-api-1.4.pom
org/apache/maven/doxia/doxia-core/1.4/doxia-core-1.4.pom
org/apache/maven/doxia/doxia-module-xhtml/1.4/doxia-module-xhtml-1.4.pom
org/apache/maven/doxia/doxia-modules/1.4/doxia-modules-1.4.pom
org/apache/maven/doxia/doxia-module-apt/1.4/doxia-module-apt-1.4.pom
org/apache/maven/doxia/doxia-module-xdoc/1.4/doxia-module-xdoc-1.4.pom
org/apache/maven/doxia/doxia-module-fml/1.4/doxia-module-fml-1.4.pom
javax/servlet/servlet-api/2.5/servlet-api-2.5.pom
org/apache/maven/doxia/doxia-decoration-model/1.4/doxia-decoration-model-1.4.pom
org/apache/maven/doxia/doxia-sitetools/1.4/doxia-sitetools-1.4.pom
org/apache/maven/doxia/doxia-site-renderer/1.4/doxia-site-renderer-1.4.pom
commons-collections/commons-collections/3.1/commons-collections-3.1.pom
commons-lang/commons-lang/2.1/commons-lang-2.1.pom
org/apache/velocity/velocity-tools/2.0/velocity-tools-2.0.pom
commons-beanutils/commons-beanutils/1.7.0/commons-beanutils-1.7.0.pom
commons-logging/commons-logging/1.0.3/commons-logging-1.0.3.pom
commons-digester/commons-digester/1.8/commons-digester-1.8.pom
commons-logging/commons-logging/1.1/commons-logging-1.1.pom
logkit/logkit/1.0.1/logkit-1.0.1.pom
avalon-framework/avalon-framework/4.1.3/avalon-framework-4.1.3.pom
javax/servlet/servlet-api/2.3/servlet-api-2.3.pom
commons-chain/commons-chain/1.1/commons-chain-1.1.pom
commons-digester/commons-digester/1.6/commons-digester-1.6.pom
commons-beanutils/commons-beanutils/1.6/commons-beanutils-1.6.pom
commons-logging/commons-logging/1.0/commons-logging-1.0.pom
commons-collections/commons-collections/2.0/commons-collections-2.0.pom
commons-collections/commons-collections/2.1/commons-collections-2.1.pom
xml-apis/xml-apis/1.0.b2/xml-apis-1.0.b2.pom
commons-collections/commons-collections/3.2/commons-collections-3.2.pom
commons-validator/commons-validator/1.3.1/commons-validator-1.3.1.pom
commons-logging/commons-logging/1.0.4/commons-logging-1.0.4.pom
dom4j/dom4j/1.1/dom4j-1.1.pom
sslext/sslext/1.2-0/sslext-1.2-0.pom
org/apache/struts/struts-core/1.3.8/struts-core-1.3.8.pom
org/apache/struts/struts-parent/1.3.8/struts-parent-1.3.8.pom
org/apache/struts/struts-master/4/struts-master-4.pom
org/apache/apache/2/apache-2.pom
antlr/antlr/2.7.2/antlr-2.7.2.pom
org/apache/struts/struts-taglib/1.3.8/struts-taglib-1.3.8.pom
org/apache/struts/struts-tiles/1.3.8/struts-tiles-1.3.8.pom
org/apache/velocity/velocity/1.6.2/velocity-1.6.2.pom
org/apache/maven/doxia/doxia-integration-tools/1.5/doxia-integration-tools-1.5.pom
org/apache/maven/doxia/doxia-tools/2/doxia-tools-2.pom
commons-io/commons-io/1.4/commons-io-1.4.pom
org/apache/commons/commons-parent/7/commons-parent-7.pom
org/apache/maven/doxia/doxia-logging-api/1.3/doxia-logging-api-1.3.pom
org/apache/maven/doxia/doxia/1.3/doxia-1.3.pom
org/apache/maven/doxia/doxia-decoration-model/1.3/doxia-decoration-model-1.3.pom
org/apache/maven/doxia/doxia-sitetools/1.3/doxia-sitetools-1.3.pom
org/apache/maven/wagon/wagon-provider-api/1.0/wagon-provider-api-1.0.pom
org/apache/maven/wagon/wagon/1.0/wagon-1.0.pom
org/apache/maven/maven-parent/20/maven-parent-20.pom
org/codehaus/plexus/plexus-archiver/1.0/plexus-archiver-1.0.pom
org/codehaus/plexus/plexus-io/1.0/plexus-io-1.0.pom
org/codehaus/plexus/plexus-velocity/1.1.8/plexus-velocity-1.1.8.pom
org/codehaus/plexus/plexus-utils/1.5.10/plexus-utils-1.5.10.pom
org/mortbay/jetty/jetty/6.1.25/jetty-6.1.25.pom
org/mortbay/jetty/project/6.1.25/project-6.1.25.pom
org/mortbay/jetty/jetty-parent/10/jetty-parent-10.pom
org/eclipse/jetty/jetty-parent/14/jetty-parent-14.pom
org/mortbay/jetty/jetty-util/6.1.25/jetty-util-6.1.25.pom
org/mortbay/jetty/servlet-api/2.5-20081211/servlet-api-2.5-20081211.pom
org/mortbay/jetty/jetty-parent/7/jetty-parent-7.pom
commons-lang/commons-lang/2.5/commons-lang-2.5.pom
org/apache/commons/commons-parent/12/commons-parent-12.pom
org/apache/maven/doxia/doxia-module-markdown/1.5/doxia-module-markdown-1.5.jar org/pegdown/pegdown/1.2.1/pegdown-1.2.1.jar org/parboiled/parboiled-java/1.1.4/parboiled-java-1.1.4.jar org/parboiled/parboiled-core/1.1.4/parboiled-core-1.1.4.jar org/ow2/asm/asm/4.1/asm-4.1.jar org/ow2/asm/asm-tree/4.1/asm-tree-4.1.jar org/ow2/asm/asm-analysis/4.1/asm-analysis-4.1.jar org/ow2/asm/asm-util/4.1/asm-util-4.1.jar org/apache/maven/reporting/maven-reporting-exec/1.1/maven-reporting-exec-1.1.jar org/apache/maven/shared/maven-shared-utils/0.3/maven-shared-utils-0.3.jar com/google/code/findbugs/jsr305/2.0.1/jsr305-2.0.1.jar org/sonatype/aether/aether-util/1.7/aether-util-1.7.jar org/sonatype/sisu/sisu-inject-bean/1.4.2/sisu-inject-bean-1.4.2.jar org/sonatype/sisu/sisu-guice/2.1.7/sisu-guice-2.1.7-noaop.jar org/codehaus/plexus/plexus-interpolation/1.14/plexus-interpolation-1.14.jar org/apache/maven/maven-archiver/2.4.2/maven-archiver-2.4.2.jar org/apache/maven/doxia/doxia-sink-api/1.4/doxia-sink-api-1.4.jar org/apache/maven/doxia/doxia-logging-api/1.4/doxia-logging-api-1.4.jar org/apache/maven/doxia/doxia-core/1.4/doxia-core-1.4.jar org/apache/maven/doxia/doxia-module-xhtml/1.4/doxia-module-xhtml-1.4.jar org/apache/maven/doxia/doxia-module-apt/1.4/doxia-module-apt-1.4.jar org/apache/maven/doxia/doxia-module-xdoc/1.4/doxia-module-xdoc-1.4.jar org/apache/maven/doxia/doxia-module-fml/1.4/doxia-module-fml-1.4.jar javax/servlet/servlet-api/2.5/servlet-api-2.5.jar org/apache/maven/doxia/doxia-decoration-model/1.4/doxia-decoration-model-1.4.jar org/apache/maven/doxia/doxia-site-renderer/1.4/doxia-site-renderer-1.4.jar org/apache/velocity/velocity-tools/2.0/velocity-tools-2.0.jar commons-beanutils/commons-beanutils/1.7.0/commons-beanutils-1.7.0.jar commons-digester/commons-digester/1.8/commons-digester-1.8.jar commons-chain/commons-chain/1.1/commons-chain-1.1.jar commons-validator/commons-validator/1.3.1/commons-validator-1.3.1.jar dom4j/dom4j/1.1/dom4j-1.1.jar sslext/sslext/1.2-0/sslext-1.2-0.jar org/apache/struts/struts-core/1.3.8/struts-core-1.3.8.jar antlr/antlr/2.7.2/antlr-2.7.2.jar org/apache/struts/struts-taglib/1.3.8/struts-taglib-1.3.8.jar org/apache/struts/struts-tiles/1.3.8/struts-tiles-1.3.8.jar org/apache/maven/doxia/doxia-integration-tools/1.5/doxia-integration-tools-1.5.jar org/codehaus/plexus/plexus-archiver/1.0/plexus-archiver-1.0.jar org/codehaus/plexus/plexus-io/1.0/plexus-io-1.0.jar org/codehaus/plexus/plexus-velocity/1.1.8/plexus-velocity-1.1.8.jar org/codehaus/plexus/plexus-utils/1.5.10/plexus-utils-1.5.10.jar org/mortbay/jetty/jetty/6.1.25/jetty-6.1.25.jar org/mortbay/jetty/servlet-api/2.5-20081211/servlet-api-2.5-20081211.jar org/mortbay/jetty/jetty-util/6.1.25/jetty-util-6.1.25.jar commons-lang/commons-lang/2.5/commons-lang-2.5.jar commons-io/commons-io/1.4/commons-io-1.4.jar
org/codehaus/modello/modello-maven-plugin/1.8.1/modello-maven-plugin-1.8.1.pom
org/codehaus/modello/modello/1.8.1/modello-1.8.1.pom
org/codehaus/modello/modello-maven-plugin/1.8.1/modello-maven-plugin-1.8.1.jar
org/apache/maven/plugins/maven-resources-plugin/2.6/maven-resources-plugin-2.6.pom
org/apache/maven/plugins/maven-plugins/23/maven-plugins-23.pom
org/apache/maven/plugins/maven-resources-plugin/2.6/maven-resources-plugin-2.6.jar
org/apache/maven/plugins/maven-compiler-plugin/3.1/maven-compiler-plugin-3.1.pom
org/apache/maven/plugins/maven-compiler-plugin/3.1/maven-compiler-plugin-3.1.jar
org/apache/maven/plugins/maven-surefire-plugin/2.16/maven-surefire-plugin-2.16.pom
org/apache/maven/surefire/surefire/2.16/surefire-2.16.pom
org/apache/maven/plugins/maven-surefire-plugin/2.16/maven-surefire-plugin-2.16.jar
org/apache/maven/plugins/maven-jar-plugin/2.4/maven-jar-plugin-2.4.pom
org/apache/maven/plugins/maven-jar-plugin/2.4/maven-jar-plugin-2.4.jar
org/codehaus/plexus/plexus-utils/3.0.17/plexus-utils-3.0.17.pom
org/codehaus/plexus/plexus/3.3.1/plexus-3.3.1.pom
org/codehaus/plexus/plexus-utils/3.0.17/plexus-utils-3.0.17.jar
org/apache/maven/maven-plugin-api/2.0.7/maven-plugin-api-2.0.7.pom
org/apache/maven/maven/2.0.7/maven-2.0.7.pom
org/codehaus/modello/modello-core/1.8.1/modello-core-1.8.1.pom
org/sonatype/plexus/plexus-build-api/0.0.7/plexus-build-api-0.0.7.pom
org/sonatype/spice/spice-parent/15/spice-parent-15.pom
org/codehaus/plexus/plexus-utils/3.0.13/plexus-utils-3.0.13.pom
org/apache/maven/maven-project/2.0.7/maven-project-2.0.7.pom
org/apache/maven/maven-settings/2.0.7/maven-settings-2.0.7.pom
org/apache/maven/maven-model/2.0.7/maven-model-2.0.7.pom
org/apache/maven/maven-profile/2.0.7/maven-profile-2.0.7.pom
org/apache/maven/maven-artifact-manager/2.0.7/maven-artifact-manager-2.0.7.pom
org/apache/maven/maven-repository-metadata/2.0.7/maven-repository-metadata-2.0.7.pom
org/apache/maven/maven-artifact/2.0.7/maven-artifact-2.0.7.pom
org/apache/maven/maven-plugin-registry/2.0.7/maven-plugin-registry-2.0.7.pom
org/codehaus/modello/modello-plugin-converters/1.8.1/modello-plugin-converters-1.8.1.pom
org/codehaus/modello/modello-plugins/1.8.1/modello-plugins-1.8.1.pom
org/codehaus/modello/modello-plugin-java/1.8.1/modello-plugin-java-1.8.1.pom
org/codehaus/modello/modello-plugin-dom4j/1.8.1/modello-plugin-dom4j-1.8.1.pom
org/codehaus/modello/modello-plugin-xml/1.8.1/modello-plugin-xml-1.8.1.pom
org/codehaus/modello/modello-plugin-jackson/1.8.1/modello-plugin-jackson-1.8.1.pom
com/fasterxml/jackson/core/jackson-core/2.1.5/jackson-core-2.1.5.pom
com/fasterxml/oss-parent/4/oss-parent-4.pom
com/fasterxml/jackson/core/jackson-databind/2.1.5/jackson-databind-2.1.5.pom
com/fasterxml/jackson/core/jackson-annotations/2.1.5/jackson-annotations-2.1.5.pom
org/codehaus/modello/modello-plugin-jdom/1.8.1/modello-plugin-jdom-1.8.1.pom
org/codehaus/modello/modello-plugin-jsonschema/1.8.1/modello-plugin-jsonschema-1.8.1.pom
org/codehaus/modello/modello-plugin-sax/1.8.1/modello-plugin-sax-1.8.1.pom
org/codehaus/modello/modello-plugin-snakeyaml/1.8.1/modello-plugin-snakeyaml-1.8.1.pom
org/yaml/snakeyaml/1.12/snakeyaml-1.12.pom
org/codehaus/modello/modello-plugin-stax/1.8.1/modello-plugin-stax-1.8.1.pom
org/codehaus/modello/modello-plugin-xdoc/1.8.1/modello-plugin-xdoc-1.8.1.pom
org/codehaus/modello/modello-plugin-xsd/1.8.1/modello-plugin-xsd-1.8.1.pom
org/codehaus/modello/modello-plugin-xpp3/1.8.1/modello-plugin-xpp3-1.8.1.pom
org/codehaus/modello/modello-core/1.8.1/modello-core-1.8.1.jar org/apache/xbean/xbean-reflect/3.4/xbean-reflect-3.4.jar log4j/log4j/1.2.12/log4j-1.2.12.jar commons-logging/commons-logging-api/1.1/commons-logging-api-1.1.jar com/google/collections/google-collections/1.0/google-collections-1.0.jar org/codehaus/plexus/plexus-utils/3.0.13/plexus-utils-3.0.13.jar org/codehaus/modello/modello-plugin-converters/1.8.1/modello-plugin-converters-1.8.1.jar org/codehaus/modello/modello-plugin-dom4j/1.8.1/modello-plugin-dom4j-1.8.1.jar org/codehaus/modello/modello-plugin-xml/1.8.1/modello-plugin-xml-1.8.1.jar org/codehaus/modello/modello-plugin-jackson/1.8.1/modello-plugin-jackson-1.8.1.jar com/fasterxml/jackson/core/jackson-core/2.1.5/jackson-core-2.1.5.jar com/fasterxml/jackson/core/jackson-databind/2.1.5/jackson-databind-2.1.5.jar com/fasterxml/jackson/core/jackson-annotations/2.1.5/jackson-annotations-2.1.5.jar org/codehaus/modello/modello-plugin-java/1.8.1/modello-plugin-java-1.8.1.jar org/codehaus/modello/modello-plugin-jdom/1.8.1/modello-plugin-jdom-1.8.1.jar org/codehaus/modello/modello-plugin-jsonschema/1.8.1/modello-plugin-jsonschema-1.8.1.jar org/codehaus/modello/modello-plugin-sax/1.8.1/modello-plugin-sax-1.8.1.jar org/codehaus/modello/modello-plugin-snakeyaml/1.8.1/modello-plugin-snakeyaml-1.8.1.jar org/yaml/snakeyaml/1.12/snakeyaml-1.12.jar org/codehaus/modello/modello-plugin-stax/1.8.1/modello-plugin-stax-1.8.1.jar org/codehaus/modello/modello-plugin-xdoc/1.8.1/modello-plugin-xdoc-1.8.1.jar org/codehaus/modello/modello-plugin-xpp3/1.8.1/modello-plugin-xpp3-1.8.1.jar org/codehaus/modello/modello-plugin-xsd/1.8.1/modello-plugin-xsd-1.8.1.jar org/sonatype/plexus/plexus-build-api/0.0.7/plexus-build-api-0.0.7.jar
org/apache/maven/reporting/maven-reporting-api/2.0.6/maven-reporting-api-2.0.6.jar org/apache/maven/doxia/doxia-sink-api/1.0-alpha-7/doxia-sink-api-1.0-alpha-7.jar org/codehaus/plexus/plexus-utils/2.0.5/plexus-utils-2.0.5.jar org/codehaus/plexus/plexus-interpolation/1.13/plexus-interpolation-1.13.jar
org/codehaus/plexus/plexus-utils/1.5.1/plexus-utils-1.5.1.pom
org/apache/maven/maven-toolchain/1.0/maven-toolchain-1.0.pom
org/apache/maven/shared/maven-shared-utils/0.1/maven-shared-utils-0.1.pom
org/apache/maven/shared/maven-shared-incremental/1.1/maven-shared-incremental-1.1.pom
org/codehaus/plexus/plexus-compiler-api/2.2/plexus-compiler-api-2.2.pom
org/codehaus/plexus/plexus-compiler/2.2/plexus-compiler-2.2.pom
org/codehaus/plexus/plexus-components/1.3.1/plexus-components-1.3.1.pom
org/codehaus/plexus/plexus-compiler-manager/2.2/plexus-compiler-manager-2.2.pom
org/codehaus/plexus/plexus-compiler-javac/2.2/plexus-compiler-javac-2.2.pom
org/codehaus/plexus/plexus-compilers/2.2/plexus-compilers-2.2.pom
org/codehaus/plexus/plexus-utils/1.5.1/plexus-utils-1.5.1.jar org/apache/maven/shared/maven-shared-utils/0.1/maven-shared-utils-0.1.jar org/apache/maven/shared/maven-shared-incremental/1.1/maven-shared-incremental-1.1.jar org/codehaus/plexus/plexus-compiler-api/2.2/plexus-compiler-api-2.2.jar org/codehaus/plexus/plexus-compiler-manager/2.2/plexus-compiler-manager-2.2.jar org/codehaus/plexus/plexus-compiler-javac/2.2/plexus-compiler-javac-2.2.jar
org/apache/maven/surefire/maven-surefire-common/2.16/maven-surefire-common-2.16.pom
org/apache/maven/plugin-tools/maven-plugin-annotations/3.2/maven-plugin-annotations-3.2.pom
org/apache/maven/plugin-tools/maven-plugin-tools/3.2/maven-plugin-tools-3.2.pom
org/apache/maven/surefire/surefire-api/2.16/surefire-api-2.16.pom
org/apache/maven/surefire/surefire-booter/2.16/surefire-booter-2.16.pom
org/apache/maven/maven-toolchain/2.0.9/maven-toolchain-2.0.9.pom
org/apache/commons/commons-lang3/3.1/commons-lang3-3.1.pom
org/apache/commons/commons-parent/22/commons-parent-22.pom
org/apache/maven/surefire/maven-surefire-common/2.16/maven-surefire-common-2.16.jar org/apache/maven/surefire/surefire-booter/2.16/surefire-booter-2.16.jar org/apache/commons/commons-lang3/3.1/commons-lang3-3.1.jar org/apache/maven/surefire/surefire-api/2.16/surefire-api-2.16.jar org/apache/maven/plugin-tools/maven-plugin-annotations/3.2/maven-plugin-annotations-3.2.jar
org/apache/maven/maven-archiver/2.5/maven-archiver-2.5.pom
org/codehaus/plexus/plexus-archiver/2.1/plexus-archiver-2.1.pom
org/codehaus/plexus/plexus-io/2.0.2/plexus-io-2.0.2.pom
org/codehaus/plexus/plexus-interpolation/1.15/plexus-interpolation-1.15.pom
org/apache/maven/maven-archiver/2.5/maven-archiver-2.5.jar org/codehaus/plexus/plexus-interpolation/1.15/plexus-interpolation-1.15.jar org/codehaus/plexus/plexus-archiver/2.1/plexus-archiver-2.1.jar org/codehaus/plexus/plexus-io/2.0.2/plexus-io-2.0.2.jar commons-lang/commons-lang/2.1/commons-lang-2.1.jar
org/codehaus/plexus/plexus-component-metadata/1.5.5/plexus-component-metadata-1.5.5.pom
org/codehaus/plexus/plexus-component-metadata/1.5.5/plexus-component-metadata-1.5.5.jar
com/thoughtworks/qdox/qdox/1.9.2/qdox-1.9.2.pom
jdom/jdom/1.0/jdom-1.0.pom
org/codehaus/plexus/plexus-cli/1.2/plexus-cli-1.2.pom
org/codehaus/plexus/plexus-tools/1.0.8/plexus-tools-1.0.8.pom
commons-lang/commons-lang/1.0/commons-lang-1.0.pom
asm/asm/3.1/asm-3.1.pom
asm/asm-parent/3.1/asm-parent-3.1.pom
org/codehaus/plexus/plexus-utils/1.4.5/plexus-utils-1.4.5.jar com/thoughtworks/qdox/qdox/1.9.2/qdox-1.9.2.jar jdom/jdom/1.0/jdom-1.0.jar org/codehaus/plexus/plexus-cli/1.2/plexus-cli-1.2.jar commons-logging/commons-logging/1.0/commons-logging-1.0.jar commons-lang/commons-lang/1.0/commons-lang-1.0.jar asm/asm/3.1/asm-3.1.jar
org/eclipse/sisu/org.eclipse.sisu.plexus/0.3.0.M1/org.eclipse.sisu.plexus-0.3.0.M1.pom
org/eclipse/sisu/sisu-plexus/0.3.0.M1/sisu-plexus-0.3.0.M1.pom
org/sonatype/oss/oss-parent/7/oss-parent-7.pom
javax/enterprise/cdi-api/1.0/cdi-api-1.0.pom
org/jboss/weld/weld-api-parent/1.0/weld-api-parent-1.0.pom
org/jboss/weld/weld-api-bom/1.0/weld-api-bom-1.0.pom
org/jboss/weld/weld-parent/6/weld-parent-6.pom
javax/annotation/jsr250-api/1.0/jsr250-api-1.0.pom
javax/inject/javax.inject/1/javax.inject-1.pom
org/eclipse/sisu/org.eclipse.sisu.inject/0.3.0.M1/org.eclipse.sisu.inject-0.3.0.M1.pom
org/eclipse/sisu/sisu-inject/0.3.0.M1/sisu-inject-0.3.0.M1.pom
org/codehaus/plexus/plexus-classworlds/2.5.1/plexus-classworlds-2.5.1.pom
org/eclipse/sisu/org.eclipse.sisu.plexus/0.3.0.M1/org.eclipse.sisu.plexus-0.3.0.M1.jar javax/enterprise/cdi-api/1.0/cdi-api-1.0.jar javax/annotation/jsr250-api/1.0/jsr250-api-1.0.jar javax/inject/javax.inject/1/javax.inject-1.jar org/eclipse/sisu/org.eclipse.sisu.inject/0.3.0.M1/org.eclipse.sisu.inject-0.3.0.M1.jar org/codehaus/plexus/plexus-classworlds/2.5.1/plexus-classworlds-2.5.1.jar
org/codehaus/plexus/plexus-interpolation/1.19/plexus-interpolation-1.19.pom
org/sonatype/sisu/sisu-guice/3.2.3/sisu-guice-3.2.3.pom
org/sonatype/sisu/inject/guice-parent/3.2.3/guice-parent-3.2.3.pom
org/sonatype/forge/forge-parent/38/forge-parent-38.pom
aopalliance/aopalliance/1.0/aopalliance-1.0.pom
com/google/guava/guava/14.0.1/guava-14.0.1.pom
com/google/guava/guava-parent/14.0.1/guava-parent-14.0.1.pom
xmlunit/xmlunit/1.3/xmlunit-1.3.pom
org/codehaus/plexus/plexus-interpolation/1.19/plexus-interpolation-1.19.jar org/sonatype/sisu/sisu-guice/3.2.3/sisu-guice-3.2.3-no_aop.jar aopalliance/aopalliance/1.0/aopalliance-1.0.jar com/google/guava/guava/14.0.1/guava-14.0.1.jar xmlunit/xmlunit/1.3/xmlunit-1.3.jar
org/sonatype/plexus/plexus-cipher/1.7/plexus-cipher-1.7.pom
org/sonatype/plexus/plexus-cipher/1.7/plexus-cipher-1.7.jar
org/eclipse/aether/aether-api/1.0.0.v20140518/aether-api-1.0.0.v20140518.pom
org/eclipse/aether/aether/1.0.0.v20140518/aether-1.0.0.v20140518.pom
org/eclipse/aether/aether-spi/1.0.0.v20140518/aether-spi-1.0.0.v20140518.pom
org/eclipse/aether/aether-util/1.0.0.v20140518/aether-util-1.0.0.v20140518.pom
org/eclipse/aether/aether-impl/1.0.0.v20140518/aether-impl-1.0.0.v20140518.pom
org/eclipse/aether/aether-connector-basic/1.0.0.v20140518/aether-connector-basic-1.0.0.v20140518.pom
org/eclipse/aether/aether-transport-wagon/1.0.0.v20140518/aether-transport-wagon-1.0.0.v20140518.pom
org/apache/maven/wagon/wagon-provider-api/2.6/wagon-provider-api-2.6.pom
org/apache/maven/wagon/wagon/2.6/wagon-2.6.pom
org/apache/maven/wagon/wagon-file/2.6/wagon-file-2.6.pom
org/apache/maven/wagon/wagon-providers/2.6/wagon-providers-2.6.pom
org/mockito/mockito-core/1.9.5/mockito-core-1.9.5.pom
org/hamcrest/hamcrest-core/1.1/hamcrest-core-1.1.pom
org/hamcrest/hamcrest-parent/1.1/hamcrest-parent-1.1.pom
org/objenesis/objenesis/1.0/objenesis-1.0.pom
org/eclipse/aether/aether-api/1.0.0.v20140518/aether-api-1.0.0.v20140518.jar org/eclipse/aether/aether-spi/1.0.0.v20140518/aether-spi-1.0.0.v20140518.jar org/eclipse/aether/aether-util/1.0.0.v20140518/aether-util-1.0.0.v20140518.jar org/eclipse/aether/aether-impl/1.0.0.v20140518/aether-impl-1.0.0.v20140518.jar org/eclipse/aether/aether-connector-basic/1.0.0.v20140518/aether-connector-basic-1.0.0.v20140518.jar org/eclipse/aether/aether-transport-wagon/1.0.0.v20140518/aether-transport-wagon-1.0.0.v20140518.jar org/apache/maven/wagon/wagon-provider-api/2.6/wagon-provider-api-2.6.jar org/apache/maven/wagon/wagon-file/2.6/wagon-file-2.6.jar org/mockito/mockito-core/1.9.5/mockito-core-1.9.5.jar org/hamcrest/hamcrest-core/1.1/hamcrest-core-1.1.jar org/objenesis/objenesis/1.0/objenesis-1.0.jar
org/sonatype/plugins/sisu-maven-plugin/1.1/sisu-maven-plugin-1.1.pom
org/sonatype/plugins/plugins-parent/6/plugins-parent-6.pom
org/sonatype/plugins/sisu-maven-plugin/1.1/sisu-maven-plugin-1.1.jar
org/codehaus/mojo/buildnumber-maven-plugin/1.2/buildnumber-maven-plugin-1.2.pom
org/codehaus/mojo/mojo-parent/30/mojo-parent-30.pom
org/codehaus/mojo/buildnumber-maven-plugin/1.2/buildnumber-maven-plugin-1.2.jar
commons-jxpath/commons-jxpath/1.3/commons-jxpath-1.3.pom
commons-jxpath/commons-jxpath/1.3/commons-jxpath-1.3.jar
junit/junit/4.10/junit-4.10.pom
org/apache/maven/scm/maven-scm-api/1.8/maven-scm-api-1.8.pom
org/apache/maven/scm/maven-scm/1.8/maven-scm-1.8.pom
org/codehaus/plexus/plexus-utils/3.0.3/plexus-utils-3.0.3.pom
org/codehaus/plexus/plexus/3.1/plexus-3.1.pom
org/apache/maven/scm/maven-scm-manager-plexus/1.8/maven-scm-manager-plexus-1.8.pom
org/apache/maven/scm/maven-scm-managers/1.8/maven-scm-managers-1.8.pom
org/apache/maven/scm/maven-scm-provider-bazaar/1.8/maven-scm-provider-bazaar-1.8.pom
org/apache/maven/scm/maven-scm-providers/1.8/maven-scm-providers-1.8.pom
regexp/regexp/1.3/regexp-1.3.pom
org/apache/maven/scm/maven-scm-provider-svnexe/1.8/maven-scm-provider-svnexe-1.8.pom
org/apache/maven/scm/maven-scm-providers-svn/1.8/maven-scm-providers-svn-1.8.pom
org/apache/maven/scm/maven-scm-provider-svn-commons/1.8/maven-scm-provider-svn-commons-1.8.pom
org/apache/maven/scm/maven-scm-provider-gitexe/1.8/maven-scm-provider-gitexe-1.8.pom
org/apache/maven/scm/maven-scm-providers-git/1.8/maven-scm-providers-git-1.8.pom
org/apache/maven/scm/maven-scm-provider-git-commons/1.8/maven-scm-provider-git-commons-1.8.pom
org/apache/maven/scm/maven-scm-provider-cvsexe/1.8/maven-scm-provider-cvsexe-1.8.pom
org/apache/maven/scm/maven-scm-providers-cvs/1.8/maven-scm-providers-cvs-1.8.pom
org/apache/maven/scm/maven-scm-provider-cvs-commons/1.8/maven-scm-provider-cvs-commons-1.8.pom
org/apache/maven/scm/maven-scm-provider-starteam/1.8/maven-scm-provider-starteam-1.8.pom
org/apache/maven/scm/maven-scm-provider-clearcase/1.8/maven-scm-provider-clearcase-1.8.pom
org/apache/maven/scm/maven-scm-provider-perforce/1.8/maven-scm-provider-perforce-1.8.pom
org/apache/maven/scm/maven-scm-provider-hg/1.8/maven-scm-provider-hg-1.8.pom
com/google/code/maven-scm-provider-svnjava/maven-scm-provider-svnjava/1.13/maven-scm-provider-svnjava-1.13.pom
org/sonatype/oss/oss-parent/5/oss-parent-5.pom
org/apache/maven/scm/maven-scm-provider-svn-commons/1.5/maven-scm-provider-svn-commons-1.5.pom
org/apache/maven/scm/maven-scm-providers-svn/1.5/maven-scm-providers-svn-1.5.pom
org/apache/maven/scm/maven-scm-providers/1.5/maven-scm-providers-1.5.pom
org/apache/maven/scm/maven-scm/1.5/maven-scm-1.5.pom
org/apache/maven/scm/maven-scm-api/1.5/maven-scm-api-1.5.pom
net/java/dev/jna/jna/3.2.2/jna-3.2.2.pom
org/tmatesoft/svnkit/svnkit/1.3.5/svnkit-1.3.5.pom
org/tmatesoft/svnkit/trilead-ssh2/build213-svnkit-1.3-patch/trilead-ssh2-build213-svnkit-1.3-patch.pom
org/tmatesoft/sqljet/sqljet/1.0.4/sqljet-1.0.4.pom
org/antlr/antlr-runtime/3.1.3/antlr-runtime-3.1.3.pom
org/antlr/antlr-master/3.1.3/antlr-master-3.1.3.pom
org/antlr/stringtemplate/3.2/stringtemplate-3.2.pom
antlr/antlr/2.7.7/antlr-2.7.7.pom
org/apache/maven/scm/maven-scm-api/1.8/maven-scm-api-1.8.jar org/apache/maven/scm/maven-scm-manager-plexus/1.8/maven-scm-manager-plexus-1.8.jar org/apache/maven/scm/maven-scm-provider-bazaar/1.8/maven-scm-provider-bazaar-1.8.jar regexp/regexp/1.3/regexp-1.3.jar org/apache/maven/scm/maven-scm-provider-svnexe/1.8/maven-scm-provider-svnexe-1.8.jar org/apache/maven/scm/maven-scm-provider-gitexe/1.8/maven-scm-provider-gitexe-1.8.jar org/apache/maven/scm/maven-scm-provider-git-commons/1.8/maven-scm-provider-git-commons-1.8.jar org/apache/maven/scm/maven-scm-provider-svn-commons/1.8/maven-scm-provider-svn-commons-1.8.jar org/apache/maven/scm/maven-scm-provider-cvsexe/1.8/maven-scm-provider-cvsexe-1.8.jar org/apache/maven/scm/maven-scm-provider-cvs-commons/1.8/maven-scm-provider-cvs-commons-1.8.jar org/apache/maven/scm/maven-scm-provider-starteam/1.8/maven-scm-provider-starteam-1.8.jar org/apache/maven/scm/maven-scm-provider-clearcase/1.8/maven-scm-provider-clearcase-1.8.jar org/apache/maven/scm/maven-scm-provider-perforce/1.8/maven-scm-provider-perforce-1.8.jar org/apache/maven/scm/maven-scm-provider-hg/1.8/maven-scm-provider-hg-1.8.jar com/google/code/maven-scm-provider-svnjava/maven-scm-provider-svnjava/1.13/maven-scm-provider-svnjava-1.13.jar org/tmatesoft/svnkit/svnkit/1.3.5/svnkit-1.3.5.jar org/tmatesoft/svnkit/trilead-ssh2/build213-svnkit-1.3-patch/trilead-ssh2-build213-svnkit-1.3-patch.jar org/tmatesoft/sqljet/sqljet/1.0.4/sqljet-1.0.4.jar org/antlr/antlr-runtime/3.1.3/antlr-runtime-3.1.3.jar org/antlr/stringtemplate/3.2/stringtemplate-3.2.jar antlr/antlr/2.7.7/antlr-2.7.7.jar net/java/dev/jna/jna/3.2.2/jna-3.2.2.jar
org/sonatype/sisu/sisu-inject-bean/2.2.1/sisu-inject-bean-2.2.1.pom
org/sonatype/sisu/inject/guice-bean/2.2.1/guice-bean-2.2.1.pom
org/sonatype/sisu/inject/containers/2.2.1/containers-2.2.1.pom
org/sonatype/sisu/sisu-inject/2.2.1/sisu-inject-2.2.1.pom
org/sonatype/sisu/sisu-parent/2.2.1/sisu-parent-2.2.1.pom
org/sonatype/forge/forge-parent/9/forge-parent-9.pom
org/sonatype/sisu/sisu-guice/3.0.1/sisu-guice-3.0.1.pom
org/sonatype/sisu/inject/guice-parent/3.0.1/guice-parent-3.0.1.pom
org/apache/maven/shared/maven-common-artifact-filters/1.3/maven-common-artifact-filters-1.3.pom
org/codehaus/plexus/plexus-container-default/1.0-alpha-44/plexus-container-default-1.0-alpha-44.pom
org/codehaus/plexus/plexus-containers/1.0-alpha-44/plexus-containers-1.0-alpha-44.pom
aspectj/aspectjrt/1.5.3/aspectjrt-1.5.3.pom
org/codehaus/plexus/plexus-classworlds/1.2-alpha-10/plexus-classworlds-1.2-alpha-10.pom
org/codehaus/plexus/plexus-utils/2.0.6/plexus-utils-2.0.6.pom
org/sonatype/sisu/sisu-inject-bean/2.2.1/sisu-inject-bean-2.2.1.jar org/sonatype/sisu/sisu-guice/3.0.1/sisu-guice-3.0.1-no_aop.jar org/apache/maven/shared/maven-common-artifact-filters/1.3/maven-common-artifact-filters-1.3.jar aspectj/aspectjrt/1.5.3/aspectjrt-1.5.3.jar org/codehaus/plexus/plexus-utils/2.0.6/plexus-utils-2.0.6.jar
easymock/easymock/1.2_Java1.3/easymock-1.2_Java1.3.pom
easymock/easymock/1.2_Java1.3/easymock-1.2_Java1.3.jar
org/slf4j/slf4j-api/1.7.5/slf4j-api-1.7.5.pom
org/slf4j/slf4j-parent/1.7.5/slf4j-parent-1.7.5.pom
org/slf4j/slf4j-simple/1.7.5/slf4j-simple-1.7.5.pom
ch/qos/logback/logback-classic/1.0.7/logback-classic-1.0.7.pom
ch/qos/logback/logback-parent/1.0.7/logback-parent-1.0.7.pom
ch/qos/logback/logback-core/1.0.7/logback-core-1.0.7.pom
org/slf4j/slf4j-api/1.7.5/slf4j-api-1.7.5.jar org/slf4j/slf4j-simple/1.7.5/slf4j-simple-1.7.5.jar ch/qos/logback/logback-classic/1.0.7/logback-classic-1.0.7.jar ch/qos/logback/logback-core/1.0.7/logback-core-1.0.7.jar
org/apache/maven/plugins/maven-assembly-plugin/2.4/maven-assembly-plugin-2.4.pom
org/apache/maven/plugins/maven-assembly-plugin/2.4/maven-assembly-plugin-2.4.jar
org/apache/maven/wagon/wagon-http/2.6/wagon-http-2.6.pom
org/apache/maven/wagon/wagon-http-shared/2.6/wagon-http-shared-2.6.pom
org/jsoup/jsoup/1.7.2/jsoup-1.7.2.pom
org/apache/maven/wagon/wagon-http/2.6/wagon-http-2.6-shaded.jar org/apache/maven/wagon/wagon-http-shared/2.6/wagon-http-shared-2.6.jar org/jsoup/jsoup/1.7.2/jsoup-1.7.2.jar
org/codehaus/plexus/plexus-archiver/2.2/plexus-archiver-2.2.pom
org/codehaus/plexus/plexus-components/1.1.20/plexus-components-1.1.20.pom
org/codehaus/plexus/plexus-utils/3.0.7/plexus-utils-3.0.7.pom
org/codehaus/plexus/plexus-io/2.0.4/plexus-io-2.0.4.pom
org/apache/maven/shared/file-management/1.1/file-management-1.1.pom
org/apache/maven/shared/maven-shared-components/4/maven-shared-components-4.pom
org/apache/maven/maven-parent/4/maven-parent-4.pom
org/apache/maven/shared/maven-shared-io/1.0/maven-shared-io-1.0.pom
org/apache/maven/maven-artifact/2.0.2/maven-artifact-2.0.2.pom
org/apache/maven/maven/2.0.2/maven-2.0.2.pom
org/codehaus/plexus/plexus-utils/1.1/plexus-utils-1.1.pom
org/apache/maven/maven-artifact-manager/2.0.2/maven-artifact-manager-2.0.2.pom
org/apache/maven/maven-repository-metadata/2.0.2/maven-repository-metadata-2.0.2.pom
org/apache/maven/wagon/wagon-provider-api/1.0-alpha-6/wagon-provider-api-1.0-alpha-6.pom
org/apache/maven/wagon/wagon/1.0-alpha-6/wagon-1.0-alpha-6.pom
org/apache/maven/shared/maven-shared-io/1.1/maven-shared-io-1.1.pom
org/apache/maven/shared/maven-shared-components/8/maven-shared-components-8.pom
org/apache/maven/maven-parent/7/maven-parent-7.pom
org/codehaus/plexus/plexus-io/2.0.6/plexus-io-2.0.6.pom
org/codehaus/plexus/plexus-components/1.2/plexus-components-1.2.pom
org/apache/maven/shared/maven-repository-builder/1.0-alpha-2/maven-repository-builder-1.0-alpha-2.pom
org/apache/maven/maven-artifact/2.0.4/maven-artifact-2.0.4.pom
org/apache/maven/maven/2.0.4/maven-2.0.4.pom
org/apache/maven/maven-artifact-manager/2.0.4/maven-artifact-manager-2.0.4.pom
org/apache/maven/maven-repository-metadata/2.0.4/maven-repository-metadata-2.0.4.pom
org/apache/maven/maven-project/2.0.4/maven-project-2.0.4.pom
org/apache/maven/maven-settings/2.0.4/maven-settings-2.0.4.pom
org/apache/maven/maven-model/2.0.4/maven-model-2.0.4.pom
org/apache/maven/maven-profile/2.0.4/maven-profile-2.0.4.pom
org/apache/maven/shared/maven-common-artifact-filters/1.0-alpha-1/maven-common-artifact-filters-1.0-alpha-1.pom
org/apache/maven/shared/maven-shared-components/6/maven-shared-components-6.pom
org/codehaus/plexus/plexus-archiver/2.2/plexus-archiver-2.2.jar org/apache/maven/shared/file-management/1.1/file-management-1.1.jar org/apache/maven/shared/maven-shared-io/1.1/maven-shared-io-1.1.jar org/codehaus/plexus/plexus-io/2.0.6/plexus-io-2.0.6.jar org/apache/maven/shared/maven-repository-builder/1.0-alpha-2/maven-repository-builder-1.0-alpha-2.jar
